2023-12-15:19:02:22MST * 0 * information * 0x557b6879bdd0 * KIM_LogImplementation.cpp:110 * Log object created.  Default verbosity level is 'information'.
2023-12-15:19:02:22MST * 0 * information * 0x56321ed77e30 * KIM_LogImplementation.cpp:110 * Log object created.  Default verbosity level is 'information'.
2023-12-15:19:02:22MST * 0 * information * 0x55df93df3330 * KIM_LogImplementation.cpp:110 * Log object created.  Default verbosity level is 'information'.
2023-12-15:19:02:22MST * 0 * information * 0x556550b77db0 * KIM_LogImplementation.cpp:110 * Log object created.  Default verbosity level is 'information'.
2023-12-15:19:02:22MST * 0 * information * 0x55c606fabe10 * KIM_LogImplementation.cpp:110 * Log object created.  Default verbosity level is 'information'.
2023-12-15:19:02:22MST * 0 * information * 0x561b66b8dd80 * KIM_LogImplementation.cpp:110 * Log object created.  Default verbosity level is 'information'.
2023-12-15:19:02:22MST * 0 * information * 0x560bea2c7cc0 * KIM_LogImplementation.cpp:110 * Log object created.  Default verbosity level is 'information'.
2023-12-15:19:02:22MST * 0 * information * 0x56319efcccc0 * KIM_LogImplementation.cpp:110 * Log object created.  Default verbosity level is 'information'.
2023-12-15:19:02:22MST * 1 * information * 0x557b6879bdd0 * KIM_LogImplementation.cpp:242 * Log object renamed.  ID changed to '3_Collections'.
2023-12-15:19:02:22MST * 1 * information * 0x56321ed77e30 * KIM_LogImplementation.cpp:242 * Log object renamed.  ID changed to '2_Collections'.
2023-12-15:19:02:22MST * 1 * information * 0x55df93df3330 * KIM_LogImplementation.cpp:242 * Log object renamed.  ID changed to '0_Collections'.
2023-12-15:19:02:22MST * 1 * information * 0x556550b77db0 * KIM_LogImplementation.cpp:242 * Log object renamed.  ID changed to '4_Collections'.
2023-12-15:19:02:22MST * 1 * information * 0x561b66b8dd80 * KIM_LogImplementation.cpp:242 * Log object renamed.  ID changed to '1_Collections'.
2023-12-15:19:02:22MST * 2 * information * 3_Collections * KIM_LogImplementation.cpp:246 * Log object renamed.  ID changed from '0x557b6879bdd0'.
2023-12-15:19:02:22MST * 1 * information * 0x55c606fabe10 * KIM_LogImplementation.cpp:242 * Log object renamed.  ID changed to '7_Collections'.
2023-12-15:19:02:22MST * 2 * information * 2_Collections * KIM_LogImplementation.cpp:246 * Log object renamed.  ID changed from '0x56321ed77e30'.
2023-12-15:19:02:22MST * 1 * information * 0x560bea2c7cc0 * KIM_LogImplementation.cpp:242 * Log object renamed.  ID changed to '5_Collections'.
2023-12-15:19:02:22MST * 2 * information * 0_Collections * KIM_LogImplementation.cpp:246 * Log object renamed.  ID changed from '0x55df93df3330'.
2023-12-15:19:02:22MST * 2 * information * 4_Collections * KIM_LogImplementation.cpp:246 * Log object renamed.  ID changed from '0x556550b77db0'.
2023-12-15:19:02:22MST * 1 * information * 0x56319efcccc0 * KIM_LogImplementation.cpp:242 * Log object renamed.  ID changed to '6_Collections'.
2023-12-15:19:02:22MST * 2 * information * 1_Collections * KIM_LogImplementation.cpp:246 * Log object renamed.  ID changed from '0x561b66b8dd80'.
2023-12-15:19:02:22MST * 3 * information * 3_Collections * KIM_LogImplementation.cpp:120 * Log object destroyed.
2023-12-15:19:02:22MST * 2 * information * 5_Collections * KIM_LogImplementation.cpp:246 * Log object renamed.  ID changed from '0x560bea2c7cc0'.
2023-12-15:19:02:22MST * 2 * information * 7_Collections * KIM_LogImplementation.cpp:246 * Log object renamed.  ID changed from '0x55c606fabe10'.
2023-12-15:19:02:22MST * 3 * information * 2_Collections * KIM_LogImplementation.cpp:120 * Log object destroyed.
2023-12-15:19:02:22MST * 3 * information * 0_Collections * KIM_LogImplementation.cpp:120 * Log object destroyed.
2023-12-15:19:02:22MST * 2 * information * 6_Collections * KIM_LogImplementation.cpp:246 * Log object renamed.  ID changed from '0x56319efcccc0'.
2023-12-15:19:02:22MST * 3 * information * 4_Collections * KIM_LogImplementation.cpp:120 * Log object destroyed.
2023-12-15:19:02:22MST * 0 * information * 0x557b6879bdd0 * KIM_LogImplementation.cpp:110 * Log object created.  Default verbosity level is 'information'.
2023-12-15:19:02:22MST * 3 * information * 1_Collections * KIM_LogImplementation.cpp:120 * Log object destroyed.
2023-12-15:19:02:22MST * 0 * information * 0x56321ed77e30 * KIM_LogImplementation.cpp:110 * Log object created.  Default verbosity level is 'information'.
2023-12-15:19:02:22MST * 0 * information * 0x55df93df3330 * KIM_LogImplementation.cpp:110 * Log object created.  Default verbosity level is 'information'.
2023-12-15:19:02:22MST * 0 * information * 0x556550b77db0 * KIM_LogImplementation.cpp:110 * Log object created.  Default verbosity level is 'information'.
2023-12-15:19:02:22MST * 3 * information * 7_Collections * KIM_LogImplementation.cpp:120 * Log object destroyed.
2023-12-15:19:02:22MST * 3 * information * 5_Collections * KIM_LogImplementation.cpp:120 * Log object destroyed.
2023-12-15:19:02:22MST * 0 * information * 0x557b6879c050 * KIM_LogImplementation.cpp:110 * Log object created.  Default verbosity level is 'information'.
2023-12-15:19:02:22MST * 3 * information * 6_Collections * KIM_LogImplementation.cpp:120 * Log object destroyed.
2023-12-15:19:02:22MST * 0 * information * 0x56321ed780b0 * KIM_LogImplementation.cpp:110 * Log object created.  Default verbosity level is 'information'.
2023-12-15:19:02:22MST * 0 * information * 0x561b66b8dd80 * KIM_LogImplementation.cpp:110 * Log object created.  Default verbosity level is 'information'.
2023-12-15:19:02:22MST * 0 * information * 0x55df93df3790 * KIM_LogImplementation.cpp:110 * Log object created.  Default verbosity level is 'information'.
2023-12-15:19:02:22MST * 0 * information * 0x556550b78030 * KIM_LogImplementation.cpp:110 * Log object created.  Default verbosity level is 'information'.
2023-12-15:19:02:22MST * 0 * information * 0x55c606fabe10 * KIM_LogImplementation.cpp:110 * Log object created.  Default verbosity level is 'information'.
2023-12-15:19:02:22MST * 1 * information * 0x557b6879c050 * KIM_LogImplementation.cpp:242 * Log object renamed.  ID changed to '0x557b6879bdd0_Collections'.
2023-12-15:19:02:22MST * 0 * information * 0x560bea2c7cc0 * KIM_LogImplementation.cpp:110 * Log object created.  Default verbosity level is 'information'.
2023-12-15:19:02:22MST * 1 * information * 0x56321ed780b0 * KIM_LogImplementation.cpp:242 * Log object renamed.  ID changed to '0x56321ed77e30_Collections'.
2023-12-15:19:02:22MST * 1 * information * 0x55df93df3790 * KIM_LogImplementation.cpp:242 * Log object renamed.  ID changed to '0x55df93df3330_Collections'.
2023-12-15:19:02:22MST * 0 * information * 0x561b66b8e000 * KIM_LogImplementation.cpp:110 * Log object created.  Default verbosity level is 'information'.
2023-12-15:19:02:22MST * 1 * information * 0x556550b78030 * KIM_LogImplementation.cpp:242 * Log object renamed.  ID changed to '0x556550b77db0_Collections'.
2023-12-15:19:02:22MST * 0 * information * 0x56319efcccc0 * KIM_LogImplementation.cpp:110 * Log object created.  Default verbosity level is 'information'.
2023-12-15:19:02:22MST * 2 * information * 0x557b6879bdd0_Collections * KIM_LogImplementation.cpp:246 * Log object renamed.  ID changed from '0x557b6879c050'.
2023-12-15:19:02:22MST * 2 * information * 0x56321ed77e30_Collections * KIM_LogImplementation.cpp:246 * Log object renamed.  ID changed from '0x56321ed780b0'.
2023-12-15:19:02:22MST * 0 * information * 0x55c606fac090 * KIM_LogImplementation.cpp:110 * Log object created.  Default verbosity level is 'information'.
2023-12-15:19:02:22MST * 0 * information * 0x560bea2c7f40 * KIM_LogImplementation.cpp:110 * Log object created.  Default verbosity level is 'information'.
2023-12-15:19:02:22MST * 2 * information * 0x55df93df3330_Collections * KIM_LogImplementation.cpp:246 * Log object renamed.  ID changed from '0x55df93df3790'.
2023-12-15:19:02:22MST * 2 * information * 0x556550b77db0_Collections * KIM_LogImplementation.cpp:246 * Log object renamed.  ID changed from '0x556550b78030'.
2023-12-15:19:02:22MST * 1 * information * 0x561b66b8e000 * KIM_LogImplementation.cpp:242 * Log object renamed.  ID changed to '0x561b66b8dd80_Collections'.
2023-12-15:19:02:22MST * 0 * information * 0x56319efccf40 * KIM_LogImplementation.cpp:110 * Log object created.  Default verbosity level is 'information'.
2023-12-15:19:02:22MST * 1 * information * 0x55c606fac090 * KIM_LogImplementation.cpp:242 * Log object renamed.  ID changed to '0x55c606fabe10_Collections'.
2023-12-15:19:02:22MST * 1 * information * 0x560bea2c7f40 * KIM_LogImplementation.cpp:242 * Log object renamed.  ID changed to '0x560bea2c7cc0_Collections'.
2023-12-15:19:02:22MST * 2 * information * 0x561b66b8dd80_Collections * KIM_LogImplementation.cpp:246 * Log object renamed.  ID changed from '0x561b66b8e000'.
2023-12-15:19:02:22MST * 1 * information * 0x56319efccf40 * KIM_LogImplementation.cpp:242 * Log object renamed.  ID changed to '0x56319efcccc0_Collections'.
2023-12-15:19:02:22MST * 2 * information * 0x55c606fabe10_Collections * KIM_LogImplementation.cpp:246 * Log object renamed.  ID changed from '0x55c606fac090'.
2023-12-15:19:02:22MST * 2 * information * 0x560bea2c7cc0_Collections * KIM_LogImplementation.cpp:246 * Log object renamed.  ID changed from '0x560bea2c7f40'.
2023-12-15:19:02:22MST * 2 * information * 0x56319efcccc0_Collections * KIM_LogImplementation.cpp:246 * Log object renamed.  ID changed from '0x56319efccf40'.
2023-12-15:19:02:22MST * 1 * warning * 0x55df93df3330 * KIM_ModelImplementation.cpp:874 * Use of the GetParameterFileName(0, 0x7ffe498f59b8). function is deprecated. Please use GetParameterFileBasename() instead.
2023-12-15:19:02:22MST * 2 * warning * 0x55df93df3330 * KIM_ModelImplementation.cpp:874 * Use of the GetParameterFileName(1, 0x7ffe498f59b8). function is deprecated. Please use GetParameterFileBasename() instead.
2023-12-15:19:02:22MST * 3 * warning * 0x55df93df3330 * KIM_ModelImplementation.cpp:874 * Use of the GetParameterFileName(2, 0x7ffe498f59b8). function is deprecated. Please use GetParameterFileBasename() instead.
2023-12-15:19:02:22MST * 1 * warning * 0x557b6879bdd0 * KIM_ModelImplementation.cpp:874 * Use of the GetParameterFileName(0, 0x7ffdda91d058). function is deprecated. Please use GetParameterFileBasename() instead.
2023-12-15:19:02:22MST * 1 * warning * 0x56321ed77e30 * KIM_ModelImplementation.cpp:874 * Use of the GetParameterFileName(0, 0x7ffd53752578). function is deprecated. Please use GetParameterFileBasename() instead.
2023-12-15:19:02:22MST * 2 * warning * 0x557b6879bdd0 * KIM_ModelImplementation.cpp:874 * Use of the GetParameterFileName(1, 0x7ffdda91d058). function is deprecated. Please use GetParameterFileBasename() instead.
2023-12-15:19:02:22MST * 1 * warning * 0x556550b77db0 * KIM_ModelImplementation.cpp:874 * Use of the GetParameterFileName(0, 0x7ffd0731a688). function is deprecated. Please use GetParameterFileBasename() instead.
2023-12-15:19:02:22MST * 2 * warning * 0x56321ed77e30 * KIM_ModelImplementation.cpp:874 * Use of the GetParameterFileName(1, 0x7ffd53752578). function is deprecated. Please use GetParameterFileBasename() instead.
2023-12-15:19:02:22MST * 3 * warning * 0x557b6879bdd0 * KIM_ModelImplementation.cpp:874 * Use of the GetParameterFileName(2, 0x7ffdda91d058). function is deprecated. Please use GetParameterFileBasename() instead.
2023-12-15:19:02:22MST * 2 * warning * 0x556550b77db0 * KIM_ModelImplementation.cpp:874 * Use of the GetParameterFileName(1, 0x7ffd0731a688). function is deprecated. Please use GetParameterFileBasename() instead.
2023-12-15:19:02:22MST * 1 * warning * 0x561b66b8dd80 * KIM_ModelImplementation.cpp:874 * Use of the GetParameterFileName(0, 0x7ffc85912c38). function is deprecated. Please use GetParameterFileBasename() instead.
2023-12-15:19:02:22MST * 3 * warning * 0x56321ed77e30 * KIM_ModelImplementation.cpp:874 * Use of the GetParameterFileName(2, 0x7ffd53752578). function is deprecated. Please use GetParameterFileBasename() instead.
2023-12-15:19:02:22MST * 1 * warning * 0x560bea2c7cc0 * KIM_ModelImplementation.cpp:874 * Use of the GetParameterFileName(0, 0x7ffdecee60b8). function is deprecated. Please use GetParameterFileBasename() instead.
2023-12-15:19:02:22MST * 3 * warning * 0x556550b77db0 * KIM_ModelImplementation.cpp:874 * Use of the GetParameterFileName(2, 0x7ffd0731a688). function is deprecated. Please use GetParameterFileBasename() instead.
2023-12-15:19:02:22MST * 2 * warning * 0x561b66b8dd80 * KIM_ModelImplementation.cpp:874 * Use of the GetParameterFileName(1, 0x7ffc85912c38). function is deprecated. Please use GetParameterFileBasename() instead.
2023-12-15:19:02:22MST * 2 * warning * 0x560bea2c7cc0 * KIM_ModelImplementation.cpp:874 * Use of the GetParameterFileName(1, 0x7ffdecee60b8). function is deprecated. Please use GetParameterFileBasename() instead.
2023-12-15:19:02:22MST * 1 * warning * 0x55c606fabe10 * KIM_ModelImplementation.cpp:874 * Use of the GetParameterFileName(0, 0x7ffe3fb0c7e8). function is deprecated. Please use GetParameterFileBasename() instead.
2023-12-15:19:02:22MST * 3 * warning * 0x561b66b8dd80 * KIM_ModelImplementation.cpp:874 * Use of the GetParameterFileName(2, 0x7ffc85912c38). function is deprecated. Please use GetParameterFileBasename() instead.
2023-12-15:19:02:22MST * 3 * warning * 0x560bea2c7cc0 * KIM_ModelImplementation.cpp:874 * Use of the GetParameterFileName(2, 0x7ffdecee60b8). function is deprecated. Please use GetParameterFileBasename() instead.
2023-12-15:19:02:22MST * 1 * warning * 0x56319efcccc0 * KIM_ModelImplementation.cpp:874 * Use of the GetParameterFileName(0, 0x7ffc9fb06118). function is deprecated. Please use GetParameterFileBasename() instead.
2023-12-15:19:02:22MST * 2 * warning * 0x55c606fabe10 * KIM_ModelImplementation.cpp:874 * Use of the GetParameterFileName(1, 0x7ffe3fb0c7e8). function is deprecated. Please use GetParameterFileBasename() instead.
2023-12-15:19:02:22MST * 2 * warning * 0x56319efcccc0 * KIM_ModelImplementation.cpp:874 * Use of the GetParameterFileName(1, 0x7ffc9fb06118). function is deprecated. Please use GetParameterFileBasename() instead.
2023-12-15:19:02:22MST * 3 * warning * 0x55c606fabe10 * KIM_ModelImplementation.cpp:874 * Use of the GetParameterFileName(2, 0x7ffe3fb0c7e8). function is deprecated. Please use GetParameterFileBasename() instead.
2023-12-15:19:02:22MST * 3 * warning * 0x56319efcccc0 * KIM_ModelImplementation.cpp:874 * Use of the GetParameterFileName(2, 0x7ffc9fb06118). function is deprecated. Please use GetParameterFileBasename() instead.
2023-12-15:19:02:22MST * 4 * error * 0x55df93df3330 * KIM_SharedLibrary.cpp:348 * SharedLibrary not open.
2023-12-15:19:02:22MST * 3 * information * 0x55df93df3330_Collections * KIM_LogImplementation.cpp:120 * Log object destroyed.
2023-12-15:19:02:22MST * 5 * information * 0x55df93df3330 * KIM_LogImplementation.cpp:242 * Log object renamed.  ID changed to '0_Model'.
2023-12-15:19:02:22MST * 6 * information * 0_Model * KIM_LogImplementation.cpp:246 * Log object renamed.  ID changed from '0x55df93df3330'.
2023-12-15:19:02:22MST * 4 * error * 0x557b6879bdd0 * KIM_SharedLibrary.cpp:348 * SharedLibrary not open.
2023-12-15:19:02:22MST * 4 * error * 0x56321ed77e30 * KIM_SharedLibrary.cpp:348 * SharedLibrary not open.
2023-12-15:19:02:22MST * 3 * information * 0x557b6879bdd0_Collections * KIM_LogImplementation.cpp:120 * Log object destroyed.
2023-12-15:19:02:22MST * 7 * information * 0_Model * KIM_LogImplementation.cpp:120 * Log object destroyed.
2023-12-15:19:02:22MST * 3 * information * 0x56321ed77e30_Collections * KIM_LogImplementation.cpp:120 * Log object destroyed.
2023-12-15:19:02:22MST * 4 * error * 0x556550b77db0 * KIM_SharedLibrary.cpp:348 * SharedLibrary not open.
2023-12-15:19:02:22MST * 5 * information * 0x557b6879bdd0 * KIM_LogImplementation.cpp:242 * Log object renamed.  ID changed to '3_Model'.
2023-12-15:19:02:22MST * 5 * information * 0x56321ed77e30 * KIM_LogImplementation.cpp:242 * Log object renamed.  ID changed to '2_Model'.
2023-12-15:19:02:22MST * 4 * error * 0x561b66b8dd80 * KIM_SharedLibrary.cpp:348 * SharedLibrary not open.
2023-12-15:19:02:22MST * 3 * information * 0x556550b77db0_Collections * KIM_LogImplementation.cpp:120 * Log object destroyed.
2023-12-15:19:02:22MST * 4 * error * 0x560bea2c7cc0 * KIM_SharedLibrary.cpp:348 * SharedLibrary not open.
2023-12-15:19:02:22MST * 6 * information * 3_Model * KIM_LogImplementation.cpp:246 * Log object renamed.  ID changed from '0x557b6879bdd0'.
2023-12-15:19:02:22MST * 6 * information * 2_Model * KIM_LogImplementation.cpp:246 * Log object renamed.  ID changed from '0x56321ed77e30'.
2023-12-15:19:02:22MST * 3 * information * 0x561b66b8dd80_Collections * KIM_LogImplementation.cpp:120 * Log object destroyed.
2023-12-15:19:02:22MST * 5 * information * 0x556550b77db0 * KIM_LogImplementation.cpp:242 * Log object renamed.  ID changed to '4_Model'.
2023-12-15:19:02:22MST * 3 * information * 0x560bea2c7cc0_Collections * KIM_LogImplementation.cpp:120 * Log object destroyed.
2023-12-15:19:02:22MST * 4 * error * 0x56319efcccc0 * KIM_SharedLibrary.cpp:348 * SharedLibrary not open.
2023-12-15:19:02:22MST * 7 * information * 3_Model * KIM_LogImplementation.cpp:120 * Log object destroyed.
2023-12-15:19:02:22MST * 6 * information * 4_Model * KIM_LogImplementation.cpp:246 * Log object renamed.  ID changed from '0x556550b77db0'.
2023-12-15:19:02:22MST * 5 * information * 0x561b66b8dd80 * KIM_LogImplementation.cpp:242 * Log object renamed.  ID changed to '1_Model'.
2023-12-15:19:02:22MST * 7 * information * 2_Model * KIM_LogImplementation.cpp:120 * Log object destroyed.
2023-12-15:19:02:22MST * 4 * error * 0x55c606fabe10 * KIM_SharedLibrary.cpp:348 * SharedLibrary not open.
2023-12-15:19:02:22MST * 5 * information * 0x560bea2c7cc0 * KIM_LogImplementation.cpp:242 * Log object renamed.  ID changed to '5_Model'.
2023-12-15:19:02:22MST * 3 * information * 0x56319efcccc0_Collections * KIM_LogImplementation.cpp:120 * Log object destroyed.
2023-12-15:19:02:22MST * 6 * information * 1_Model * KIM_LogImplementation.cpp:246 * Log object renamed.  ID changed from '0x561b66b8dd80'.
2023-12-15:19:02:22MST * 3 * information * 0x55c606fabe10_Collections * KIM_LogImplementation.cpp:120 * Log object destroyed.
2023-12-15:19:02:22MST * 6 * information * 5_Model * KIM_LogImplementation.cpp:246 * Log object renamed.  ID changed from '0x560bea2c7cc0'.
2023-12-15:19:02:22MST * 7 * information * 4_Model * KIM_LogImplementation.cpp:120 * Log object destroyed.
2023-12-15:19:02:22MST * 5 * information * 0x56319efcccc0 * KIM_LogImplementation.cpp:242 * Log object renamed.  ID changed to '6_Model'.
2023-12-15:19:02:22MST * 5 * information * 0x55c606fabe10 * KIM_LogImplementation.cpp:242 * Log object renamed.  ID changed to '7_Model'.
2023-12-15:19:02:22MST * 7 * information * 1_Model * KIM_LogImplementation.cpp:120 * Log object destroyed.
2023-12-15:19:02:22MST * 7 * information * 5_Model * KIM_LogImplementation.cpp:120 * Log object destroyed.
2023-12-15:19:02:22MST * 6 * information * 6_Model * KIM_LogImplementation.cpp:246 * Log object renamed.  ID changed from '0x56319efcccc0'.
2023-12-15:19:02:22MST * 6 * information * 7_Model * KIM_LogImplementation.cpp:246 * Log object renamed.  ID changed from '0x55c606fabe10'.
2023-12-15:19:02:22MST * 7 * information * 6_Model * KIM_LogImplementation.cpp:120 * Log object destroyed.
2023-12-15:19:02:22MST * 7 * information * 7_Model * KIM_LogImplementation.cpp:120 * Log object destroyed.
2023-12-15:19:02:22MST * 0 * information * 0x55c606fb37e0 * KIM_LogImplementation.cpp:110 * Log object created.  Default verbosity level is 'information'.
2023-12-15:19:02:22MST * 0 * information * 0x56321ed7d780 * KIM_LogImplementation.cpp:110 * Log object created.  Default verbosity level is 'information'.
2023-12-15:19:02:22MST * 0 * information * 0x56319efd4350 * KIM_LogImplementation.cpp:110 * Log object created.  Default verbosity level is 'information'.
2023-12-15:19:02:22MST * 0 * information * 0x55df93dfb510 * KIM_LogImplementation.cpp:110 * Log object created.  Default verbosity level is 'information'.
2023-12-15:19:02:22MST * 0 * information * 0x561b66b959f0 * KIM_LogImplementation.cpp:110 * Log object created.  Default verbosity level is 'information'.
2023-12-15:19:02:22MST * 0 * information * 0x560bea2cef90 * KIM_LogImplementation.cpp:110 * Log object created.  Default verbosity level is 'information'.
2023-12-15:19:02:22MST * 0 * information * 0x556550b85c10 * KIM_LogImplementation.cpp:110 * Log object created.  Default verbosity level is 'information'.
2023-12-15:19:02:22MST * 0 * information * 0x557b687a3a20 * KIM_LogImplementation.cpp:110 * Log object created.  Default verbosity level is 'information'.
2023-12-15:19:02:22MST * 0 * information * 0x56321ed7d830 * KIM_LogImplementation.cpp:110 * Log object created.  Default verbosity level is 'information'.
2023-12-15:19:02:22MST * 0 * information * 0x55c606fb9b20 * KIM_LogImplementation.cpp:110 * Log object created.  Default verbosity level is 'information'.
2023-12-15:19:02:22MST * 0 * information * 0x557b687a1570 * KIM_LogImplementation.cpp:110 * Log object created.  Default verbosity level is 'information'.
2023-12-15:19:02:22MST * 0 * information * 0x55df93df91e0 * KIM_LogImplementation.cpp:110 * Log object created.  Default verbosity level is 'information'.
2023-12-15:19:02:22MST * 0 * information * 0x561b66b93520 * KIM_LogImplementation.cpp:110 * Log object created.  Default verbosity level is 'information'.
2023-12-15:19:02:22MST * 0 * information * 0x560bea2d5b70 * KIM_LogImplementation.cpp:110 * Log object created.  Default verbosity level is 'information'.
2023-12-15:19:02:22MST * 0 * information * 0x56319efdab70 * KIM_LogImplementation.cpp:110 * Log object created.  Default verbosity level is 'information'.
2023-12-15:19:02:22MST * 0 * information * 0x556550b85cc0 * KIM_LogImplementation.cpp:110 * Log object created.  Default verbosity level is 'information'.
2023-12-15:19:02:22MST * 1 * information * 0x56321ed7d830 * KIM_LogImplementation.cpp:242 * Log object renamed.  ID changed to '0x56321ed7d780_Collections'.
2023-12-15:19:02:22MST * 1 * information * 0x55c606fb9b20 * KIM_LogImplementation.cpp:242 * Log object renamed.  ID changed to '0x55c606fb37e0_Collections'.
2023-12-15:19:02:22MST * 1 * information * 0x560bea2d5b70 * KIM_LogImplementation.cpp:242 * Log object renamed.  ID changed to '0x560bea2cef90_Collections'.
2023-12-15:19:02:22MST * 1 * information * 0x55df93df91e0 * KIM_LogImplementation.cpp:242 * Log object renamed.  ID changed to '0x55df93dfb510_Collections'.
2023-12-15:19:02:22MST * 1 * information * 0x556550b85cc0 * KIM_LogImplementation.cpp:242 * Log object renamed.  ID changed to '0x556550b85c10_Collections'.
2023-12-15:19:02:22MST * 1 * information * 0x561b66b93520 * KIM_LogImplementation.cpp:242 * Log object renamed.  ID changed to '0x561b66b959f0_Collections'.
2023-12-15:19:02:22MST * 1 * information * 0x557b687a1570 * KIM_LogImplementation.cpp:242 * Log object renamed.  ID changed to '0x557b687a3a20_Collections'.
2023-12-15:19:02:22MST * 1 * information * 0x56319efdab70 * KIM_LogImplementation.cpp:242 * Log object renamed.  ID changed to '0x56319efd4350_Collections'.
2023-12-15:19:02:22MST * 2 * information * 0x56321ed7d780_Collections * KIM_LogImplementation.cpp:246 * Log object renamed.  ID changed from '0x56321ed7d830'.
2023-12-15:19:02:22MST * 2 * information * 0x55c606fb37e0_Collections * KIM_LogImplementation.cpp:246 * Log object renamed.  ID changed from '0x55c606fb9b20'.
2023-12-15:19:02:22MST * 2 * information * 0x560bea2cef90_Collections * KIM_LogImplementation.cpp:246 * Log object renamed.  ID changed from '0x560bea2d5b70'.
2023-12-15:19:02:22MST * 2 * information * 0x556550b85c10_Collections * KIM_LogImplementation.cpp:246 * Log object renamed.  ID changed from '0x556550b85cc0'.
2023-12-15:19:02:22MST * 2 * information * 0x56319efd4350_Collections * KIM_LogImplementation.cpp:246 * Log object renamed.  ID changed from '0x56319efdab70'.
2023-12-15:19:02:22MST * 2 * information * 0x561b66b959f0_Collections * KIM_LogImplementation.cpp:246 * Log object renamed.  ID changed from '0x561b66b93520'.
2023-12-15:19:02:22MST * 2 * information * 0x55df93dfb510_Collections * KIM_LogImplementation.cpp:246 * Log object renamed.  ID changed from '0x55df93df91e0'.
2023-12-15:19:02:22MST * 2 * information * 0x557b687a3a20_Collections * KIM_LogImplementation.cpp:246 * Log object renamed.  ID changed from '0x557b687a1570'.
2023-12-15:19:02:22MST * 1 * warning * 0x56321ed7d780 * KIM_ModelImplementation.cpp:874 * Use of the GetParameterFileName(0, 0x7ffd53752288). function is deprecated. Please use GetParameterFileBasename() instead.
2023-12-15:19:02:22MST * 1 * warning * 0x55c606fb37e0 * KIM_ModelImplementation.cpp:874 * Use of the GetParameterFileName(0, 0x7ffe3fb0c4f8). function is deprecated. Please use GetParameterFileBasename() instead.
2023-12-15:19:02:22MST * 1 * warning * 0x560bea2cef90 * KIM_ModelImplementation.cpp:874 * Use of the GetParameterFileName(0, 0x7ffdecee5dc8). function is deprecated. Please use GetParameterFileBasename() instead.
2023-12-15:19:02:22MST * 1 * warning * 0x56319efd4350 * KIM_ModelImplementation.cpp:874 * Use of the GetParameterFileName(0, 0x7ffc9fb05e28). function is deprecated. Please use GetParameterFileBasename() instead.
2023-12-15:19:02:22MST * 1 * warning * 0x557b687a3a20 * KIM_ModelImplementation.cpp:874 * Use of the GetParameterFileName(0, 0x7ffdda91cd68). function is deprecated. Please use GetParameterFileBasename() instead.
2023-12-15:19:02:22MST * 1 * warning * 0x556550b85c10 * KIM_ModelImplementation.cpp:874 * Use of the GetParameterFileName(0, 0x7ffd0731a398). function is deprecated. Please use GetParameterFileBasename() instead.
2023-12-15:19:02:22MST * 1 * warning * 0x561b66b959f0 * KIM_ModelImplementation.cpp:874 * Use of the GetParameterFileName(0, 0x7ffc85912948). function is deprecated. Please use GetParameterFileBasename() instead.
2023-12-15:19:02:22MST * 1 * warning * 0x55df93dfb510 * KIM_ModelImplementation.cpp:874 * Use of the GetParameterFileName(0, 0x7ffe498f56c8). function is deprecated. Please use GetParameterFileBasename() instead.
2023-12-15:19:02:22MST * 2 * warning * 0x56321ed7d780 * KIM_ModelImplementation.cpp:874 * Use of the GetParameterFileName(1, 0x7ffd53752288). function is deprecated. Please use GetParameterFileBasename() instead.
2023-12-15:19:02:22MST * 2 * warning * 0x55c606fb37e0 * KIM_ModelImplementation.cpp:874 * Use of the GetParameterFileName(1, 0x7ffe3fb0c4f8). function is deprecated. Please use GetParameterFileBasename() instead.
2023-12-15:19:02:22MST * 2 * warning * 0x560bea2cef90 * KIM_ModelImplementation.cpp:874 * Use of the GetParameterFileName(1, 0x7ffdecee5dc8). function is deprecated. Please use GetParameterFileBasename() instead.
2023-12-15:19:02:22MST * 2 * warning * 0x56319efd4350 * KIM_ModelImplementation.cpp:874 * Use of the GetParameterFileName(1, 0x7ffc9fb05e28). function is deprecated. Please use GetParameterFileBasename() instead.
2023-12-15:19:02:22MST * 2 * warning * 0x557b687a3a20 * KIM_ModelImplementation.cpp:874 * Use of the GetParameterFileName(1, 0x7ffdda91cd68). function is deprecated. Please use GetParameterFileBasename() instead.
2023-12-15:19:02:22MST * 2 * warning * 0x556550b85c10 * KIM_ModelImplementation.cpp:874 * Use of the GetParameterFileName(1, 0x7ffd0731a398). function is deprecated. Please use GetParameterFileBasename() instead.
2023-12-15:19:02:22MST * 2 * warning * 0x561b66b959f0 * KIM_ModelImplementation.cpp:874 * Use of the GetParameterFileName(1, 0x7ffc85912948). function is deprecated. Please use GetParameterFileBasename() instead.
2023-12-15:19:02:22MST * 2 * warning * 0x55df93dfb510 * KIM_ModelImplementation.cpp:874 * Use of the GetParameterFileName(1, 0x7ffe498f56c8). function is deprecated. Please use GetParameterFileBasename() instead.
2023-12-15:19:02:22MST * 3 * warning * 0x56321ed7d780 * KIM_ModelImplementation.cpp:874 * Use of the GetParameterFileName(2, 0x7ffd53752288). function is deprecated. Please use GetParameterFileBasename() instead.
2023-12-15:19:02:22MST * 3 * warning * 0x55c606fb37e0 * KIM_ModelImplementation.cpp:874 * Use of the GetParameterFileName(2, 0x7ffe3fb0c4f8). function is deprecated. Please use GetParameterFileBasename() instead.
2023-12-15:19:02:22MST * 3 * warning * 0x560bea2cef90 * KIM_ModelImplementation.cpp:874 * Use of the GetParameterFileName(2, 0x7ffdecee5dc8). function is deprecated. Please use GetParameterFileBasename() instead.
2023-12-15:19:02:22MST * 3 * warning * 0x557b687a3a20 * KIM_ModelImplementation.cpp:874 * Use of the GetParameterFileName(2, 0x7ffdda91cd68). function is deprecated. Please use GetParameterFileBasename() instead.
2023-12-15:19:02:22MST * 3 * warning * 0x56319efd4350 * KIM_ModelImplementation.cpp:874 * Use of the GetParameterFileName(2, 0x7ffc9fb05e28). function is deprecated. Please use GetParameterFileBasename() instead.
2023-12-15:19:02:22MST * 3 * warning * 0x556550b85c10 * KIM_ModelImplementation.cpp:874 * Use of the GetParameterFileName(2, 0x7ffd0731a398). function is deprecated. Please use GetParameterFileBasename() instead.
2023-12-15:19:02:22MST * 3 * warning * 0x561b66b959f0 * KIM_ModelImplementation.cpp:874 * Use of the GetParameterFileName(2, 0x7ffc85912948). function is deprecated. Please use GetParameterFileBasename() instead.
2023-12-15:19:02:22MST * 3 * warning * 0x55df93dfb510 * KIM_ModelImplementation.cpp:874 * Use of the GetParameterFileName(2, 0x7ffe498f56c8). function is deprecated. Please use GetParameterFileBasename() instead.
2023-12-15:19:02:22MST * 4 * error * 0x56321ed7d780 * KIM_SharedLibrary.cpp:348 * SharedLibrary not open.
2023-12-15:19:02:22MST * 4 * error * 0x560bea2cef90 * KIM_SharedLibrary.cpp:348 * SharedLibrary not open.
2023-12-15:19:02:22MST * 4 * error * 0x56319efd4350 * KIM_SharedLibrary.cpp:348 * SharedLibrary not open.
2023-12-15:19:02:22MST * 4 * error * 0x557b687a3a20 * KIM_SharedLibrary.cpp:348 * SharedLibrary not open.
2023-12-15:19:02:22MST * 4 * error * 0x55c606fb37e0 * KIM_SharedLibrary.cpp:348 * SharedLibrary not open.
2023-12-15:19:02:22MST * 4 * error * 0x556550b85c10 * KIM_SharedLibrary.cpp:348 * SharedLibrary not open.
2023-12-15:19:02:22MST * 4 * error * 0x55df93dfb510 * KIM_SharedLibrary.cpp:348 * SharedLibrary not open.
2023-12-15:19:02:22MST * 4 * error * 0x561b66b959f0 * KIM_SharedLibrary.cpp:348 * SharedLibrary not open.
2023-12-15:19:02:22MST * 3 * information * 0x56321ed7d780_Collections * KIM_LogImplementation.cpp:120 * Log object destroyed.
2023-12-15:19:02:22MST * 3 * information * 0x560bea2cef90_Collections * KIM_LogImplementation.cpp:120 * Log object destroyed.
2023-12-15:19:02:22MST * 3 * information * 0x56319efd4350_Collections * KIM_LogImplementation.cpp:120 * Log object destroyed.
2023-12-15:19:02:22MST * 3 * information * 0x557b687a3a20_Collections * KIM_LogImplementation.cpp:120 * Log object destroyed.
2023-12-15:19:02:22MST * 3 * information * 0x55c606fb37e0_Collections * KIM_LogImplementation.cpp:120 * Log object destroyed.
2023-12-15:19:02:22MST * 3 * information * 0x556550b85c10_Collections * KIM_LogImplementation.cpp:120 * Log object destroyed.
2023-12-15:19:02:22MST * 3 * information * 0x55df93dfb510_Collections * KIM_LogImplementation.cpp:120 * Log object destroyed.
2023-12-15:19:02:22MST * 3 * information * 0x561b66b959f0_Collections * KIM_LogImplementation.cpp:120 * Log object destroyed.
2023-12-15:19:02:22MST * 5 * information * 0x56321ed7d780 * KIM_LogImplementation.cpp:242 * Log object renamed.  ID changed to '2_Model'.
2023-12-15:19:02:22MST * 5 * information * 0x560bea2cef90 * KIM_LogImplementation.cpp:242 * Log object renamed.  ID changed to '5_Model'.
2023-12-15:19:02:22MST * 5 * information * 0x56319efd4350 * KIM_LogImplementation.cpp:242 * Log object renamed.  ID changed to '6_Model'.
2023-12-15:19:02:22MST * 5 * information * 0x557b687a3a20 * KIM_LogImplementation.cpp:242 * Log object renamed.  ID changed to '3_Model'.
2023-12-15:19:02:22MST * 5 * information * 0x55c606fb37e0 * KIM_LogImplementation.cpp:242 * Log object renamed.  ID changed to '7_Model'.
2023-12-15:19:02:22MST * 5 * information * 0x556550b85c10 * KIM_LogImplementation.cpp:242 * Log object renamed.  ID changed to '4_Model'.
2023-12-15:19:02:22MST * 5 * information * 0x55df93dfb510 * KIM_LogImplementation.cpp:242 * Log object renamed.  ID changed to '0_Model'.
2023-12-15:19:02:22MST * 5 * information * 0x561b66b959f0 * KIM_LogImplementation.cpp:242 * Log object renamed.  ID changed to '1_Model'.
2023-12-15:19:02:22MST * 6 * information * 2_Model * KIM_LogImplementation.cpp:246 * Log object renamed.  ID changed from '0x56321ed7d780'.
2023-12-15:19:02:22MST * 6 * information * 5_Model * KIM_LogImplementation.cpp:246 * Log object renamed.  ID changed from '0x560bea2cef90'.
2023-12-15:19:02:22MST * 6 * information * 6_Model * KIM_LogImplementation.cpp:246 * Log object renamed.  ID changed from '0x56319efd4350'.
2023-12-15:19:02:22MST * 6 * information * 3_Model * KIM_LogImplementation.cpp:246 * Log object renamed.  ID changed from '0x557b687a3a20'.
2023-12-15:19:02:22MST * 6 * information * 7_Model * KIM_LogImplementation.cpp:246 * Log object renamed.  ID changed from '0x55c606fb37e0'.
2023-12-15:19:02:22MST * 6 * information * 4_Model * KIM_LogImplementation.cpp:246 * Log object renamed.  ID changed from '0x556550b85c10'.
2023-12-15:19:02:22MST * 6 * information * 0_Model * KIM_LogImplementation.cpp:246 * Log object renamed.  ID changed from '0x55df93dfb510'.
2023-12-15:19:02:22MST * 6 * information * 1_Model * KIM_LogImplementation.cpp:246 * Log object renamed.  ID changed from '0x561b66b959f0'.
2023-12-15:19:02:22MST * 0 * information * 0x56321ed7d830 * KIM_LogImplementation.cpp:110 * Log object created.  Default verbosity level is 'information'.
2023-12-15:19:02:22MST * 0 * information * 0x560bea2d5b70 * KIM_LogImplementation.cpp:110 * Log object created.  Default verbosity level is 'information'.
2023-12-15:19:02:22MST * 0 * information * 0x56319efdab70 * KIM_LogImplementation.cpp:110 * Log object created.  Default verbosity level is 'information'.
2023-12-15:19:02:22MST * 0 * information * 0x557b687a1570 * KIM_LogImplementation.cpp:110 * Log object created.  Default verbosity level is 'information'.
2023-12-15:19:02:22MST * 0 * information * 0x55c606fb9b20 * KIM_LogImplementation.cpp:110 * Log object created.  Default verbosity level is 'information'.
2023-12-15:19:02:22MST * 0 * information * 0x556550b85cc0 * KIM_LogImplementation.cpp:110 * Log object created.  Default verbosity level is 'information'.
2023-12-15:19:02:22MST * 0 * information * 0x55df93df91e0 * KIM_LogImplementation.cpp:110 * Log object created.  Default verbosity level is 'information'.
2023-12-15:19:02:22MST * 1 * information * 0x56321ed7d830 * KIM_LogImplementation.cpp:242 * Log object renamed.  ID changed to '2_Model_0x56321ed7d830'.
2023-12-15:19:02:22MST * 0 * information * 0x561b66b93520 * KIM_LogImplementation.cpp:110 * Log object created.  Default verbosity level is 'information'.
2023-12-15:19:02:22MST * 1 * information * 0x560bea2d5b70 * KIM_LogImplementation.cpp:242 * Log object renamed.  ID changed to '5_Model_0x560bea2d5b70'.
2023-12-15:19:02:22MST * 1 * information * 0x56319efdab70 * KIM_LogImplementation.cpp:242 * Log object renamed.  ID changed to '6_Model_0x56319efdab70'.
2023-12-15:19:02:22MST * 1 * information * 0x557b687a1570 * KIM_LogImplementation.cpp:242 * Log object renamed.  ID changed to '3_Model_0x557b687a1570'.
2023-12-15:19:02:22MST * 1 * information * 0x55c606fb9b20 * KIM_LogImplementation.cpp:242 * Log object renamed.  ID changed to '7_Model_0x55c606fb9b20'.
2023-12-15:19:02:22MST * 1 * information * 0x556550b85cc0 * KIM_LogImplementation.cpp:242 * Log object renamed.  ID changed to '4_Model_0x556550b85cc0'.
2023-12-15:19:02:22MST * 2 * information * 2_Model_0x56321ed7d830 * KIM_LogImplementation.cpp:246 * Log object renamed.  ID changed from '0x56321ed7d830'.
2023-12-15:19:02:22MST * 1 * information * 0x55df93df91e0 * KIM_LogImplementation.cpp:242 * Log object renamed.  ID changed to '0_Model_0x55df93df91e0'.
2023-12-15:19:02:22MST * 1 * information * 0x561b66b93520 * KIM_LogImplementation.cpp:242 * Log object renamed.  ID changed to '1_Model_0x561b66b93520'.
2023-12-15:19:02:22MST * 2 * information * 5_Model_0x560bea2d5b70 * KIM_LogImplementation.cpp:246 * Log object renamed.  ID changed from '0x560bea2d5b70'.
2023-12-15:19:02:22MST * 2 * information * 6_Model_0x56319efdab70 * KIM_LogImplementation.cpp:246 * Log object renamed.  ID changed from '0x56319efdab70'.
2023-12-15:19:02:22MST * 2 * information * 3_Model_0x557b687a1570 * KIM_LogImplementation.cpp:246 * Log object renamed.  ID changed from '0x557b687a1570'.
2023-12-15:19:02:22MST * 2 * information * 7_Model_0x55c606fb9b20 * KIM_LogImplementation.cpp:246 * Log object renamed.  ID changed from '0x55c606fb9b20'.
2023-12-15:19:02:22MST * 2 * information * 4_Model_0x556550b85cc0 * KIM_LogImplementation.cpp:246 * Log object renamed.  ID changed from '0x556550b85cc0'.
2023-12-15:19:02:22MST * 2 * information * 0_Model_0x55df93df91e0 * KIM_LogImplementation.cpp:246 * Log object renamed.  ID changed from '0x55df93df91e0'.
2023-12-15:19:02:22MST * 2 * information * 1_Model_0x561b66b93520 * KIM_LogImplementation.cpp:246 * Log object renamed.  ID changed from '0x561b66b93520'.
2023-12-15:19:02:22MST * 3 * information * 2_Model_0x56321ed7d830 * ANNImplementation.cpp:475 * Register argument supportStatus
2023-12-15:19:02:22MST * 3 * information * 5_Model_0x560bea2d5b70 * ANNImplementation.cpp:475 * Register argument supportStatus
2023-12-15:19:02:22MST * 3 * information * 6_Model_0x56319efdab70 * ANNImplementation.cpp:475 * Register argument supportStatus
2023-12-15:19:02:22MST * 3 * information * 3_Model_0x557b687a1570 * ANNImplementation.cpp:475 * Register argument supportStatus
2023-12-15:19:02:22MST * 3 * information * 7_Model_0x55c606fb9b20 * ANNImplementation.cpp:475 * Register argument supportStatus
2023-12-15:19:02:22MST * 3 * information * 4_Model_0x556550b85cc0 * ANNImplementation.cpp:475 * Register argument supportStatus
2023-12-15:19:02:22MST * 3 * information * 0_Model_0x55df93df91e0 * ANNImplementation.cpp:475 * Register argument supportStatus
2023-12-15:19:02:22MST * 3 * information * 1_Model_0x561b66b93520 * ANNImplementation.cpp:475 * Register argument supportStatus
2023-12-15:19:02:22MST * 4 * information * 2_Model_0x56321ed7d830 * ANNImplementation.cpp:494 * Register callback supportStatus
2023-12-15:19:02:22MST * 4 * information * 5_Model_0x560bea2d5b70 * ANNImplementation.cpp:494 * Register callback supportStatus
2023-12-15:19:02:22MST * 4 * information * 6_Model_0x56319efdab70 * ANNImplementation.cpp:494 * Register callback supportStatus
2023-12-15:19:02:22MST * 4 * information * 3_Model_0x557b687a1570 * ANNImplementation.cpp:494 * Register callback supportStatus
2023-12-15:19:02:22MST * 4 * information * 7_Model_0x55c606fb9b20 * ANNImplementation.cpp:494 * Register callback supportStatus
2023-12-15:19:02:22MST * 4 * information * 4_Model_0x556550b85cc0 * ANNImplementation.cpp:494 * Register callback supportStatus
2023-12-15:19:02:22MST * 4 * information * 0_Model_0x55df93df91e0 * ANNImplementation.cpp:494 * Register callback supportStatus
2023-12-15:19:02:22MST * 5 * information * 2_Model_0x56321ed7d830 * KIM_LogImplementation.cpp:242 * Log object renamed.  ID changed to '2_ComputeArguments'.
2023-12-15:19:02:22MST * 4 * information * 1_Model_0x561b66b93520 * ANNImplementation.cpp:494 * Register callback supportStatus
2023-12-15:19:02:22MST * 5 * information * 5_Model_0x560bea2d5b70 * KIM_LogImplementation.cpp:242 * Log object renamed.  ID changed to '5_ComputeArguments'.
2023-12-15:19:02:22MST * 5 * information * 6_Model_0x56319efdab70 * KIM_LogImplementation.cpp:242 * Log object renamed.  ID changed to '6_ComputeArguments'.
2023-12-15:19:02:22MST * 5 * information * 3_Model_0x557b687a1570 * KIM_LogImplementation.cpp:242 * Log object renamed.  ID changed to '3_ComputeArguments'.
2023-12-15:19:02:22MST * 5 * information * 7_Model_0x55c606fb9b20 * KIM_LogImplementation.cpp:242 * Log object renamed.  ID changed to '7_ComputeArguments'.
2023-12-15:19:02:22MST * 5 * information * 4_Model_0x556550b85cc0 * KIM_LogImplementation.cpp:242 * Log object renamed.  ID changed to '4_ComputeArguments'.
2023-12-15:19:02:22MST * 6 * information * 2_ComputeArguments * KIM_LogImplementation.cpp:246 * Log object renamed.  ID changed from '2_Model_0x56321ed7d830'.
2023-12-15:19:02:22MST * 5 * information * 0_Model_0x55df93df91e0 * KIM_LogImplementation.cpp:242 * Log object renamed.  ID changed to '0_ComputeArguments'.
2023-12-15:19:02:22MST * 5 * information * 1_Model_0x561b66b93520 * KIM_LogImplementation.cpp:242 * Log object renamed.  ID changed to '1_ComputeArguments'.
2023-12-15:19:02:22MST * 6 * information * 5_ComputeArguments * KIM_LogImplementation.cpp:246 * Log object renamed.  ID changed from '5_Model_0x560bea2d5b70'.
2023-12-15:19:02:22MST * 6 * information * 6_ComputeArguments * KIM_LogImplementation.cpp:246 * Log object renamed.  ID changed from '6_Model_0x56319efdab70'.
2023-12-15:19:02:22MST * 6 * information * 3_ComputeArguments * KIM_LogImplementation.cpp:246 * Log object renamed.  ID changed from '3_Model_0x557b687a1570'.
2023-12-15:19:02:22MST * 6 * information * 7_ComputeArguments * KIM_LogImplementation.cpp:246 * Log object renamed.  ID changed from '7_Model_0x55c606fb9b20'.
2023-12-15:19:02:22MST * 6 * information * 4_ComputeArguments * KIM_LogImplementation.cpp:246 * Log object renamed.  ID changed from '4_Model_0x556550b85cc0'.
2023-12-15:19:02:22MST * 6 * information * 0_ComputeArguments * KIM_LogImplementation.cpp:246 * Log object renamed.  ID changed from '0_Model_0x55df93df91e0'.
2023-12-15:19:02:22MST * 6 * information * 1_ComputeArguments * KIM_LogImplementation.cpp:246 * Log object renamed.  ID changed from '1_Model_0x561b66b93520'.
2023-12-15:20:07:19MST * 0 * information * 5_ComputeArguments * KIM_LogImplementation.cpp:120 * Log object destroyed.
2023-12-15:20:07:19MST * 0 * information * 3_ComputeArguments * KIM_LogImplementation.cpp:120 * Log object destroyed.
2023-12-15:20:07:19MST * 0 * information * 1_ComputeArguments * KIM_LogImplementation.cpp:120 * Log object destroyed.
2023-12-15:20:07:19MST * 0 * information * 7_ComputeArguments * KIM_LogImplementation.cpp:120 * Log object destroyed.
2023-12-15:20:07:19MST * 0 * information * 2_ComputeArguments * KIM_LogImplementation.cpp:120 * Log object destroyed.
2023-12-15:20:07:19MST * 0 * information * 4_ComputeArguments * KIM_LogImplementation.cpp:120 * Log object destroyed.
2023-12-15:20:07:19MST * 0 * information * 6_ComputeArguments * KIM_LogImplementation.cpp:120 * Log object destroyed.
2023-12-15:20:07:19MST * 0 * information * 0_ComputeArguments * KIM_LogImplementation.cpp:120 * Log object destroyed.
2023-12-15:20:07:19MST * 0 * information * 5_Model * KIM_LogImplementation.cpp:120 * Log object destroyed.
2023-12-15:20:07:19MST * 0 * information * 7_Model * KIM_LogImplementation.cpp:120 * Log object destroyed.
2023-12-15:20:07:19MST * 0 * information * 3_Model * KIM_LogImplementation.cpp:120 * Log object destroyed.
2023-12-15:20:07:19MST * 0 * information * 4_Model * KIM_LogImplementation.cpp:120 * Log object destroyed.
2023-12-15:20:07:19MST * 0 * information * 6_Model * KIM_LogImplementation.cpp:120 * Log object destroyed.
2023-12-15:20:07:19MST * 0 * information * 1_Model * KIM_LogImplementation.cpp:120 * Log object destroyed.
2023-12-15:20:07:19MST * 0 * information * 2_Model * KIM_LogImplementation.cpp:120 * Log object destroyed.
2023-12-15:20:07:19MST * 0 * information * 0_Model * KIM_LogImplementation.cpp:120 * Log object destroyed.
