2024-01-04:14:50:00MST * 0 * information * 0x55c7b2cba5a0 * KIM_LogImplementation.cpp:110 * Log object created.  Default verbosity level is 'information'.
2024-01-04:14:50:00MST * 1 * information * 0x55c7b2cba5a0 * KIM_LogImplementation.cpp:242 * Log object renamed.  ID changed to '0_Collections'.
2024-01-04:14:50:00MST * 2 * information * 0_Collections * KIM_LogImplementation.cpp:246 * Log object renamed.  ID changed from '0x55c7b2cba5a0'.
2024-01-04:14:50:00MST * 3 * information * 0_Collections * KIM_LogImplementation.cpp:120 * Log object destroyed.
2024-01-04:14:50:00MST * 0 * information * 0x55c7b2cba5a0 * KIM_LogImplementation.cpp:110 * Log object created.  Default verbosity level is 'information'.
2024-01-04:14:50:00MST * 0 * information * 0x55c7b2cbade0 * KIM_LogImplementation.cpp:110 * Log object created.  Default verbosity level is 'information'.
2024-01-04:14:50:00MST * 1 * information * 0x55c7b2cbade0 * KIM_LogImplementation.cpp:242 * Log object renamed.  ID changed to '0x55c7b2cba5a0_Collections'.
2024-01-04:14:50:00MST * 2 * information * 0x55c7b2cba5a0_Collections * KIM_LogImplementation.cpp:246 * Log object renamed.  ID changed from '0x55c7b2cbade0'.
2024-01-04:14:50:00MST * 1 * warning * 0x55c7b2cba5a0 * KIM_ModelImplementation.cpp:874 * Use of the GetParameterFileName(0, 0x7ffc949318c8). function is deprecated. Please use GetParameterFileBasename() instead.
2024-01-04:14:50:00MST * 2 * warning * 0x55c7b2cba5a0 * KIM_ModelImplementation.cpp:874 * Use of the GetParameterFileName(1, 0x7ffc949318c8). function is deprecated. Please use GetParameterFileBasename() instead.
2024-01-04:14:50:00MST * 3 * warning * 0x55c7b2cba5a0 * KIM_ModelImplementation.cpp:874 * Use of the GetParameterFileName(2, 0x7ffc949318c8). function is deprecated. Please use GetParameterFileBasename() instead.
2024-01-04:14:50:00MST * 4 * error * 0x55c7b2cba5a0 * KIM_SharedLibrary.cpp:348 * SharedLibrary not open.
2024-01-04:14:50:00MST * 3 * information * 0x55c7b2cba5a0_Collections * KIM_LogImplementation.cpp:120 * Log object destroyed.
2024-01-04:14:50:00MST * 5 * information * 0x55c7b2cba5a0 * KIM_LogImplementation.cpp:242 * Log object renamed.  ID changed to '0_Model'.
2024-01-04:14:50:00MST * 6 * information * 0_Model * KIM_LogImplementation.cpp:246 * Log object renamed.  ID changed from '0x55c7b2cba5a0'.
2024-01-04:14:50:00MST * 7 * information * 0_Model * KIM_LogImplementation.cpp:120 * Log object destroyed.
2024-01-04:14:50:00MST * 0 * information * 0x55c7b2cedb80 * KIM_LogImplementation.cpp:110 * Log object created.  Default verbosity level is 'information'.
2024-01-04:14:50:00MST * 0 * information * 0x55c7b2cba5a0 * KIM_LogImplementation.cpp:110 * Log object created.  Default verbosity level is 'information'.
2024-01-04:14:50:00MST * 1 * information * 0x55c7b2cba5a0 * KIM_LogImplementation.cpp:242 * Log object renamed.  ID changed to '0x55c7b2cedb80_Collections'.
2024-01-04:14:50:00MST * 2 * information * 0x55c7b2cedb80_Collections * KIM_LogImplementation.cpp:246 * Log object renamed.  ID changed from '0x55c7b2cba5a0'.
2024-01-04:14:50:00MST * 1 * warning * 0x55c7b2cedb80 * KIM_ModelImplementation.cpp:874 * Use of the GetParameterFileName(0, 0x7ffc949315d8). function is deprecated. Please use GetParameterFileBasename() instead.
2024-01-04:14:50:00MST * 2 * warning * 0x55c7b2cedb80 * KIM_ModelImplementation.cpp:874 * Use of the GetParameterFileName(1, 0x7ffc949315d8). function is deprecated. Please use GetParameterFileBasename() instead.
2024-01-04:14:50:00MST * 3 * warning * 0x55c7b2cedb80 * KIM_ModelImplementation.cpp:874 * Use of the GetParameterFileName(2, 0x7ffc949315d8). function is deprecated. Please use GetParameterFileBasename() instead.
2024-01-04:14:50:00MST * 4 * error * 0x55c7b2cedb80 * KIM_SharedLibrary.cpp:348 * SharedLibrary not open.
2024-01-04:14:50:00MST * 3 * information * 0x55c7b2cedb80_Collections * KIM_LogImplementation.cpp:120 * Log object destroyed.
2024-01-04:14:50:00MST * 5 * information * 0x55c7b2cedb80 * KIM_LogImplementation.cpp:242 * Log object renamed.  ID changed to '0_Model'.
2024-01-04:14:50:00MST * 6 * information * 0_Model * KIM_LogImplementation.cpp:246 * Log object renamed.  ID changed from '0x55c7b2cedb80'.
2024-01-04:14:50:00MST * 0 * information * 0x55c7b2cba5a0 * KIM_LogImplementation.cpp:110 * Log object created.  Default verbosity level is 'information'.
2024-01-04:14:50:00MST * 1 * information * 0x55c7b2cba5a0 * KIM_LogImplementation.cpp:242 * Log object renamed.  ID changed to '0_Model_0x55c7b2cba5a0'.
2024-01-04:14:50:00MST * 2 * information * 0_Model_0x55c7b2cba5a0 * KIM_LogImplementation.cpp:246 * Log object renamed.  ID changed from '0x55c7b2cba5a0'.
2024-01-04:14:50:00MST * 3 * information * 0_Model_0x55c7b2cba5a0 * ANNImplementation.cpp:475 * Register argument supportStatus
2024-01-04:14:50:00MST * 4 * information * 0_Model_0x55c7b2cba5a0 * ANNImplementation.cpp:494 * Register callback supportStatus
2024-01-04:14:50:00MST * 5 * information * 0_Model_0x55c7b2cba5a0 * KIM_LogImplementation.cpp:242 * Log object renamed.  ID changed to '0_ComputeArguments'.
2024-01-04:14:50:00MST * 6 * information * 0_ComputeArguments * KIM_LogImplementation.cpp:246 * Log object renamed.  ID changed from '0_Model_0x55c7b2cba5a0'.
2024-01-04:14:50:01MST * 0 * information * 0_ComputeArguments * KIM_LogImplementation.cpp:120 * Log object destroyed.
2024-01-04:14:50:01MST * 0 * information * 0_Model * KIM_LogImplementation.cpp:120 * Log object destroyed.
