2024-01-02 16:14:27.179 | INFO     | kliff.dataset.dataset:_read:398 - 4344 configurations read from /data/yonatan/myproject/scripts/compare_UQ/neuralnetwork/C/carbon_training_set
2024-01-02 16:14:27.182 | INFO     | kliff.calculators.calculator_torch:_get_device:592 - Training on cpu
2024-01-02 16:14:27.183 | INFO     | kliff.calculators.calculator_torch:create:93 - Reuse fingerprints `/data/yonatan/myproject/scripts/compare_UQ/neuralnetwork/C/fingerprints/fingerprints_train.pkl`
2024-01-02 16:14:27.184 | INFO     | kliff.calculators.calculator_torch:create:111 - Reuse fingerprints mean and stdev `/data/yonatan/myproject/scripts/compare_UQ/neuralnetwork/C/fingerprints/fingerprints_train_mean_and_stdev.pkl`
2024-01-02 16:14:35.945 | INFO     | kliff.models.neural_network:write_kim_model:121 - KLIFF trained model written to /data/yonatan/myproject/scripts/compare_UQ/neuralnetwork/C/bootstrap/results/bootstrap/000/DUNN_C_bootstrap_000.
2024-01-02 16:14:43.776 | INFO     | kliff.models.neural_network:write_kim_model:121 - KLIFF trained model written to /data/yonatan/myproject/scripts/compare_UQ/neuralnetwork/C/bootstrap/results/bootstrap/001/DUNN_C_bootstrap_001.
2024-01-02 16:14:51.540 | INFO     | kliff.models.neural_network:write_kim_model:121 - KLIFF trained model written to /data/yonatan/myproject/scripts/compare_UQ/neuralnetwork/C/bootstrap/results/bootstrap/002/DUNN_C_bootstrap_002.
2024-01-02 16:14:59.259 | INFO     | kliff.models.neural_network:write_kim_model:121 - KLIFF trained model written to /data/yonatan/myproject/scripts/compare_UQ/neuralnetwork/C/bootstrap/results/bootstrap/003/DUNN_C_bootstrap_003.
2024-01-02 16:15:07.308 | INFO     | kliff.models.neural_network:write_kim_model:121 - KLIFF trained model written to /data/yonatan/myproject/scripts/compare_UQ/neuralnetwork/C/bootstrap/results/bootstrap/004/DUNN_C_bootstrap_004.
2024-01-02 16:15:15.332 | INFO     | kliff.models.neural_network:write_kim_model:121 - KLIFF trained model written to /data/yonatan/myproject/scripts/compare_UQ/neuralnetwork/C/bootstrap/results/bootstrap/005/DUNN_C_bootstrap_005.
2024-01-02 16:15:23.440 | INFO     | kliff.models.neural_network:write_kim_model:121 - KLIFF trained model written to /data/yonatan/myproject/scripts/compare_UQ/neuralnetwork/C/bootstrap/results/bootstrap/006/DUNN_C_bootstrap_006.
2024-01-02 16:15:31.356 | INFO     | kliff.models.neural_network:write_kim_model:121 - KLIFF trained model written to /data/yonatan/myproject/scripts/compare_UQ/neuralnetwork/C/bootstrap/results/bootstrap/007/DUNN_C_bootstrap_007.
2024-01-02 16:15:39.198 | INFO     | kliff.models.neural_network:write_kim_model:121 - KLIFF trained model written to /data/yonatan/myproject/scripts/compare_UQ/neuralnetwork/C/bootstrap/results/bootstrap/008/DUNN_C_bootstrap_008.
2024-01-02 16:15:47.057 | INFO     | kliff.models.neural_network:write_kim_model:121 - KLIFF trained model written to /data/yonatan/myproject/scripts/compare_UQ/neuralnetwork/C/bootstrap/results/bootstrap/009/DUNN_C_bootstrap_009.
2024-01-02 16:15:54.964 | INFO     | kliff.models.neural_network:write_kim_model:121 - KLIFF trained model written to /data/yonatan/myproject/scripts/compare_UQ/neuralnetwork/C/bootstrap/results/bootstrap/010/DUNN_C_bootstrap_010.
2024-01-02 16:16:02.892 | INFO     | kliff.models.neural_network:write_kim_model:121 - KLIFF trained model written to /data/yonatan/myproject/scripts/compare_UQ/neuralnetwork/C/bootstrap/results/bootstrap/011/DUNN_C_bootstrap_011.
2024-01-02 16:16:10.832 | INFO     | kliff.models.neural_network:write_kim_model:121 - KLIFF trained model written to /data/yonatan/myproject/scripts/compare_UQ/neuralnetwork/C/bootstrap/results/bootstrap/012/DUNN_C_bootstrap_012.
2024-01-02 16:16:18.730 | INFO     | kliff.models.neural_network:write_kim_model:121 - KLIFF trained model written to /data/yonatan/myproject/scripts/compare_UQ/neuralnetwork/C/bootstrap/results/bootstrap/013/DUNN_C_bootstrap_013.
2024-01-02 16:16:26.671 | INFO     | kliff.models.neural_network:write_kim_model:121 - KLIFF trained model written to /data/yonatan/myproject/scripts/compare_UQ/neuralnetwork/C/bootstrap/results/bootstrap/014/DUNN_C_bootstrap_014.
2024-01-02 16:16:34.516 | INFO     | kliff.models.neural_network:write_kim_model:121 - KLIFF trained model written to /data/yonatan/myproject/scripts/compare_UQ/neuralnetwork/C/bootstrap/results/bootstrap/015/DUNN_C_bootstrap_015.
2024-01-02 16:16:42.289 | INFO     | kliff.models.neural_network:write_kim_model:121 - KLIFF trained model written to /data/yonatan/myproject/scripts/compare_UQ/neuralnetwork/C/bootstrap/results/bootstrap/016/DUNN_C_bootstrap_016.
2024-01-02 16:16:50.212 | INFO     | kliff.models.neural_network:write_kim_model:121 - KLIFF trained model written to /data/yonatan/myproject/scripts/compare_UQ/neuralnetwork/C/bootstrap/results/bootstrap/017/DUNN_C_bootstrap_017.
2024-01-02 16:16:58.137 | INFO     | kliff.models.neural_network:write_kim_model:121 - KLIFF trained model written to /data/yonatan/myproject/scripts/compare_UQ/neuralnetwork/C/bootstrap/results/bootstrap/018/DUNN_C_bootstrap_018.
2024-01-02 16:17:06.011 | INFO     | kliff.models.neural_network:write_kim_model:121 - KLIFF trained model written to /data/yonatan/myproject/scripts/compare_UQ/neuralnetwork/C/bootstrap/results/bootstrap/019/DUNN_C_bootstrap_019.
2024-01-02 16:17:13.725 | INFO     | kliff.models.neural_network:write_kim_model:121 - KLIFF trained model written to /data/yonatan/myproject/scripts/compare_UQ/neuralnetwork/C/bootstrap/results/bootstrap/020/DUNN_C_bootstrap_020.
2024-01-02 16:17:21.585 | INFO     | kliff.models.neural_network:write_kim_model:121 - KLIFF trained model written to /data/yonatan/myproject/scripts/compare_UQ/neuralnetwork/C/bootstrap/results/bootstrap/021/DUNN_C_bootstrap_021.
2024-01-02 16:17:29.446 | INFO     | kliff.models.neural_network:write_kim_model:121 - KLIFF trained model written to /data/yonatan/myproject/scripts/compare_UQ/neuralnetwork/C/bootstrap/results/bootstrap/022/DUNN_C_bootstrap_022.
2024-01-02 16:17:37.389 | INFO     | kliff.models.neural_network:write_kim_model:121 - KLIFF trained model written to /data/yonatan/myproject/scripts/compare_UQ/neuralnetwork/C/bootstrap/results/bootstrap/023/DUNN_C_bootstrap_023.
2024-01-02 16:17:45.475 | INFO     | kliff.models.neural_network:write_kim_model:121 - KLIFF trained model written to /data/yonatan/myproject/scripts/compare_UQ/neuralnetwork/C/bootstrap/results/bootstrap/024/DUNN_C_bootstrap_024.
2024-01-02 16:17:53.629 | INFO     | kliff.models.neural_network:write_kim_model:121 - KLIFF trained model written to /data/yonatan/myproject/scripts/compare_UQ/neuralnetwork/C/bootstrap/results/bootstrap/025/DUNN_C_bootstrap_025.
2024-01-02 16:18:01.614 | INFO     | kliff.models.neural_network:write_kim_model:121 - KLIFF trained model written to /data/yonatan/myproject/scripts/compare_UQ/neuralnetwork/C/bootstrap/results/bootstrap/026/DUNN_C_bootstrap_026.
2024-01-02 16:18:09.540 | INFO     | kliff.models.neural_network:write_kim_model:121 - KLIFF trained model written to /data/yonatan/myproject/scripts/compare_UQ/neuralnetwork/C/bootstrap/results/bootstrap/027/DUNN_C_bootstrap_027.
2024-01-02 16:18:17.358 | INFO     | kliff.models.neural_network:write_kim_model:121 - KLIFF trained model written to /data/yonatan/myproject/scripts/compare_UQ/neuralnetwork/C/bootstrap/results/bootstrap/028/DUNN_C_bootstrap_028.
2024-01-02 16:18:25.164 | INFO     | kliff.models.neural_network:write_kim_model:121 - KLIFF trained model written to /data/yonatan/myproject/scripts/compare_UQ/neuralnetwork/C/bootstrap/results/bootstrap/029/DUNN_C_bootstrap_029.
2024-01-02 16:18:33.062 | INFO     | kliff.models.neural_network:write_kim_model:121 - KLIFF trained model written to /data/yonatan/myproject/scripts/compare_UQ/neuralnetwork/C/bootstrap/results/bootstrap/030/DUNN_C_bootstrap_030.
2024-01-02 16:18:40.914 | INFO     | kliff.models.neural_network:write_kim_model:121 - KLIFF trained model written to /data/yonatan/myproject/scripts/compare_UQ/neuralnetwork/C/bootstrap/results/bootstrap/031/DUNN_C_bootstrap_031.
2024-01-02 16:18:48.831 | INFO     | kliff.models.neural_network:write_kim_model:121 - KLIFF trained model written to /data/yonatan/myproject/scripts/compare_UQ/neuralnetwork/C/bootstrap/results/bootstrap/032/DUNN_C_bootstrap_032.
2024-01-02 16:18:56.653 | INFO     | kliff.models.neural_network:write_kim_model:121 - KLIFF trained model written to /data/yonatan/myproject/scripts/compare_UQ/neuralnetwork/C/bootstrap/results/bootstrap/033/DUNN_C_bootstrap_033.
2024-01-02 16:19:04.469 | INFO     | kliff.models.neural_network:write_kim_model:121 - KLIFF trained model written to /data/yonatan/myproject/scripts/compare_UQ/neuralnetwork/C/bootstrap/results/bootstrap/034/DUNN_C_bootstrap_034.
2024-01-02 16:19:12.248 | INFO     | kliff.models.neural_network:write_kim_model:121 - KLIFF trained model written to /data/yonatan/myproject/scripts/compare_UQ/neuralnetwork/C/bootstrap/results/bootstrap/035/DUNN_C_bootstrap_035.
2024-01-02 16:19:20.147 | INFO     | kliff.models.neural_network:write_kim_model:121 - KLIFF trained model written to /data/yonatan/myproject/scripts/compare_UQ/neuralnetwork/C/bootstrap/results/bootstrap/036/DUNN_C_bootstrap_036.
2024-01-02 16:19:27.934 | INFO     | kliff.models.neural_network:write_kim_model:121 - KLIFF trained model written to /data/yonatan/myproject/scripts/compare_UQ/neuralnetwork/C/bootstrap/results/bootstrap/037/DUNN_C_bootstrap_037.
2024-01-02 16:19:35.867 | INFO     | kliff.models.neural_network:write_kim_model:121 - KLIFF trained model written to /data/yonatan/myproject/scripts/compare_UQ/neuralnetwork/C/bootstrap/results/bootstrap/038/DUNN_C_bootstrap_038.
2024-01-02 16:19:43.737 | INFO     | kliff.models.neural_network:write_kim_model:121 - KLIFF trained model written to /data/yonatan/myproject/scripts/compare_UQ/neuralnetwork/C/bootstrap/results/bootstrap/039/DUNN_C_bootstrap_039.
2024-01-02 16:19:51.558 | INFO     | kliff.models.neural_network:write_kim_model:121 - KLIFF trained model written to /data/yonatan/myproject/scripts/compare_UQ/neuralnetwork/C/bootstrap/results/bootstrap/040/DUNN_C_bootstrap_040.
2024-01-02 16:19:59.462 | INFO     | kliff.models.neural_network:write_kim_model:121 - KLIFF trained model written to /data/yonatan/myproject/scripts/compare_UQ/neuralnetwork/C/bootstrap/results/bootstrap/041/DUNN_C_bootstrap_041.
2024-01-02 16:20:07.343 | INFO     | kliff.models.neural_network:write_kim_model:121 - KLIFF trained model written to /data/yonatan/myproject/scripts/compare_UQ/neuralnetwork/C/bootstrap/results/bootstrap/042/DUNN_C_bootstrap_042.
2024-01-02 16:20:15.219 | INFO     | kliff.models.neural_network:write_kim_model:121 - KLIFF trained model written to /data/yonatan/myproject/scripts/compare_UQ/neuralnetwork/C/bootstrap/results/bootstrap/043/DUNN_C_bootstrap_043.
2024-01-02 16:20:23.135 | INFO     | kliff.models.neural_network:write_kim_model:121 - KLIFF trained model written to /data/yonatan/myproject/scripts/compare_UQ/neuralnetwork/C/bootstrap/results/bootstrap/044/DUNN_C_bootstrap_044.
2024-01-02 16:20:31.035 | INFO     | kliff.models.neural_network:write_kim_model:121 - KLIFF trained model written to /data/yonatan/myproject/scripts/compare_UQ/neuralnetwork/C/bootstrap/results/bootstrap/045/DUNN_C_bootstrap_045.
2024-01-02 16:20:38.892 | INFO     | kliff.models.neural_network:write_kim_model:121 - KLIFF trained model written to /data/yonatan/myproject/scripts/compare_UQ/neuralnetwork/C/bootstrap/results/bootstrap/046/DUNN_C_bootstrap_046.
2024-01-02 16:20:46.834 | INFO     | kliff.models.neural_network:write_kim_model:121 - KLIFF trained model written to /data/yonatan/myproject/scripts/compare_UQ/neuralnetwork/C/bootstrap/results/bootstrap/047/DUNN_C_bootstrap_047.
2024-01-02 16:20:54.631 | INFO     | kliff.models.neural_network:write_kim_model:121 - KLIFF trained model written to /data/yonatan/myproject/scripts/compare_UQ/neuralnetwork/C/bootstrap/results/bootstrap/048/DUNN_C_bootstrap_048.
2024-01-02 16:21:02.501 | INFO     | kliff.models.neural_network:write_kim_model:121 - KLIFF trained model written to /data/yonatan/myproject/scripts/compare_UQ/neuralnetwork/C/bootstrap/results/bootstrap/049/DUNN_C_bootstrap_049.
2024-01-02 16:21:10.344 | INFO     | kliff.models.neural_network:write_kim_model:121 - KLIFF trained model written to /data/yonatan/myproject/scripts/compare_UQ/neuralnetwork/C/bootstrap/results/bootstrap/050/DUNN_C_bootstrap_050.
2024-01-02 16:21:18.183 | INFO     | kliff.models.neural_network:write_kim_model:121 - KLIFF trained model written to /data/yonatan/myproject/scripts/compare_UQ/neuralnetwork/C/bootstrap/results/bootstrap/051/DUNN_C_bootstrap_051.
2024-01-02 16:21:26.100 | INFO     | kliff.models.neural_network:write_kim_model:121 - KLIFF trained model written to /data/yonatan/myproject/scripts/compare_UQ/neuralnetwork/C/bootstrap/results/bootstrap/052/DUNN_C_bootstrap_052.
2024-01-02 16:21:33.990 | INFO     | kliff.models.neural_network:write_kim_model:121 - KLIFF trained model written to /data/yonatan/myproject/scripts/compare_UQ/neuralnetwork/C/bootstrap/results/bootstrap/053/DUNN_C_bootstrap_053.
2024-01-02 16:21:41.774 | INFO     | kliff.models.neural_network:write_kim_model:121 - KLIFF trained model written to /data/yonatan/myproject/scripts/compare_UQ/neuralnetwork/C/bootstrap/results/bootstrap/054/DUNN_C_bootstrap_054.
2024-01-02 16:21:49.632 | INFO     | kliff.models.neural_network:write_kim_model:121 - KLIFF trained model written to /data/yonatan/myproject/scripts/compare_UQ/neuralnetwork/C/bootstrap/results/bootstrap/055/DUNN_C_bootstrap_055.
2024-01-02 16:21:57.415 | INFO     | kliff.models.neural_network:write_kim_model:121 - KLIFF trained model written to /data/yonatan/myproject/scripts/compare_UQ/neuralnetwork/C/bootstrap/results/bootstrap/056/DUNN_C_bootstrap_056.
2024-01-02 16:22:05.315 | INFO     | kliff.models.neural_network:write_kim_model:121 - KLIFF trained model written to /data/yonatan/myproject/scripts/compare_UQ/neuralnetwork/C/bootstrap/results/bootstrap/057/DUNN_C_bootstrap_057.
2024-01-02 16:22:13.140 | INFO     | kliff.models.neural_network:write_kim_model:121 - KLIFF trained model written to /data/yonatan/myproject/scripts/compare_UQ/neuralnetwork/C/bootstrap/results/bootstrap/058/DUNN_C_bootstrap_058.
2024-01-02 16:22:20.916 | INFO     | kliff.models.neural_network:write_kim_model:121 - KLIFF trained model written to /data/yonatan/myproject/scripts/compare_UQ/neuralnetwork/C/bootstrap/results/bootstrap/059/DUNN_C_bootstrap_059.
2024-01-02 16:22:28.771 | INFO     | kliff.models.neural_network:write_kim_model:121 - KLIFF trained model written to /data/yonatan/myproject/scripts/compare_UQ/neuralnetwork/C/bootstrap/results/bootstrap/060/DUNN_C_bootstrap_060.
2024-01-02 16:22:36.620 | INFO     | kliff.models.neural_network:write_kim_model:121 - KLIFF trained model written to /data/yonatan/myproject/scripts/compare_UQ/neuralnetwork/C/bootstrap/results/bootstrap/061/DUNN_C_bootstrap_061.
2024-01-02 16:22:44.389 | INFO     | kliff.models.neural_network:write_kim_model:121 - KLIFF trained model written to /data/yonatan/myproject/scripts/compare_UQ/neuralnetwork/C/bootstrap/results/bootstrap/062/DUNN_C_bootstrap_062.
2024-01-02 16:22:52.310 | INFO     | kliff.models.neural_network:write_kim_model:121 - KLIFF trained model written to /data/yonatan/myproject/scripts/compare_UQ/neuralnetwork/C/bootstrap/results/bootstrap/063/DUNN_C_bootstrap_063.
2024-01-02 16:23:00.043 | INFO     | kliff.models.neural_network:write_kim_model:121 - KLIFF trained model written to /data/yonatan/myproject/scripts/compare_UQ/neuralnetwork/C/bootstrap/results/bootstrap/064/DUNN_C_bootstrap_064.
2024-01-02 16:23:07.836 | INFO     | kliff.models.neural_network:write_kim_model:121 - KLIFF trained model written to /data/yonatan/myproject/scripts/compare_UQ/neuralnetwork/C/bootstrap/results/bootstrap/065/DUNN_C_bootstrap_065.
2024-01-02 16:23:15.870 | INFO     | kliff.models.neural_network:write_kim_model:121 - KLIFF trained model written to /data/yonatan/myproject/scripts/compare_UQ/neuralnetwork/C/bootstrap/results/bootstrap/066/DUNN_C_bootstrap_066.
2024-01-02 16:23:23.965 | INFO     | kliff.models.neural_network:write_kim_model:121 - KLIFF trained model written to /data/yonatan/myproject/scripts/compare_UQ/neuralnetwork/C/bootstrap/results/bootstrap/067/DUNN_C_bootstrap_067.
2024-01-02 16:23:31.819 | INFO     | kliff.models.neural_network:write_kim_model:121 - KLIFF trained model written to /data/yonatan/myproject/scripts/compare_UQ/neuralnetwork/C/bootstrap/results/bootstrap/068/DUNN_C_bootstrap_068.
2024-01-02 16:23:39.777 | INFO     | kliff.models.neural_network:write_kim_model:121 - KLIFF trained model written to /data/yonatan/myproject/scripts/compare_UQ/neuralnetwork/C/bootstrap/results/bootstrap/069/DUNN_C_bootstrap_069.
2024-01-02 16:23:47.710 | INFO     | kliff.models.neural_network:write_kim_model:121 - KLIFF trained model written to /data/yonatan/myproject/scripts/compare_UQ/neuralnetwork/C/bootstrap/results/bootstrap/070/DUNN_C_bootstrap_070.
2024-01-02 16:23:55.777 | INFO     | kliff.models.neural_network:write_kim_model:121 - KLIFF trained model written to /data/yonatan/myproject/scripts/compare_UQ/neuralnetwork/C/bootstrap/results/bootstrap/071/DUNN_C_bootstrap_071.
2024-01-02 16:24:03.625 | INFO     | kliff.models.neural_network:write_kim_model:121 - KLIFF trained model written to /data/yonatan/myproject/scripts/compare_UQ/neuralnetwork/C/bootstrap/results/bootstrap/072/DUNN_C_bootstrap_072.
2024-01-02 16:24:11.634 | INFO     | kliff.models.neural_network:write_kim_model:121 - KLIFF trained model written to /data/yonatan/myproject/scripts/compare_UQ/neuralnetwork/C/bootstrap/results/bootstrap/073/DUNN_C_bootstrap_073.
2024-01-02 16:24:19.550 | INFO     | kliff.models.neural_network:write_kim_model:121 - KLIFF trained model written to /data/yonatan/myproject/scripts/compare_UQ/neuralnetwork/C/bootstrap/results/bootstrap/074/DUNN_C_bootstrap_074.
2024-01-02 16:24:27.342 | INFO     | kliff.models.neural_network:write_kim_model:121 - KLIFF trained model written to /data/yonatan/myproject/scripts/compare_UQ/neuralnetwork/C/bootstrap/results/bootstrap/075/DUNN_C_bootstrap_075.
2024-01-02 16:24:35.242 | INFO     | kliff.models.neural_network:write_kim_model:121 - KLIFF trained model written to /data/yonatan/myproject/scripts/compare_UQ/neuralnetwork/C/bootstrap/results/bootstrap/076/DUNN_C_bootstrap_076.
2024-01-02 16:24:43.072 | INFO     | kliff.models.neural_network:write_kim_model:121 - KLIFF trained model written to /data/yonatan/myproject/scripts/compare_UQ/neuralnetwork/C/bootstrap/results/bootstrap/077/DUNN_C_bootstrap_077.
2024-01-02 16:24:50.863 | INFO     | kliff.models.neural_network:write_kim_model:121 - KLIFF trained model written to /data/yonatan/myproject/scripts/compare_UQ/neuralnetwork/C/bootstrap/results/bootstrap/078/DUNN_C_bootstrap_078.
2024-01-02 16:24:58.691 | INFO     | kliff.models.neural_network:write_kim_model:121 - KLIFF trained model written to /data/yonatan/myproject/scripts/compare_UQ/neuralnetwork/C/bootstrap/results/bootstrap/079/DUNN_C_bootstrap_079.
2024-01-02 16:25:06.549 | INFO     | kliff.models.neural_network:write_kim_model:121 - KLIFF trained model written to /data/yonatan/myproject/scripts/compare_UQ/neuralnetwork/C/bootstrap/results/bootstrap/080/DUNN_C_bootstrap_080.
2024-01-02 16:25:14.440 | INFO     | kliff.models.neural_network:write_kim_model:121 - KLIFF trained model written to /data/yonatan/myproject/scripts/compare_UQ/neuralnetwork/C/bootstrap/results/bootstrap/081/DUNN_C_bootstrap_081.
2024-01-02 16:25:22.278 | INFO     | kliff.models.neural_network:write_kim_model:121 - KLIFF trained model written to /data/yonatan/myproject/scripts/compare_UQ/neuralnetwork/C/bootstrap/results/bootstrap/082/DUNN_C_bootstrap_082.
2024-01-02 16:25:30.106 | INFO     | kliff.models.neural_network:write_kim_model:121 - KLIFF trained model written to /data/yonatan/myproject/scripts/compare_UQ/neuralnetwork/C/bootstrap/results/bootstrap/083/DUNN_C_bootstrap_083.
2024-01-02 16:25:37.928 | INFO     | kliff.models.neural_network:write_kim_model:121 - KLIFF trained model written to /data/yonatan/myproject/scripts/compare_UQ/neuralnetwork/C/bootstrap/results/bootstrap/084/DUNN_C_bootstrap_084.
2024-01-02 16:25:45.759 | INFO     | kliff.models.neural_network:write_kim_model:121 - KLIFF trained model written to /data/yonatan/myproject/scripts/compare_UQ/neuralnetwork/C/bootstrap/results/bootstrap/085/DUNN_C_bootstrap_085.
2024-01-02 16:25:53.588 | INFO     | kliff.models.neural_network:write_kim_model:121 - KLIFF trained model written to /data/yonatan/myproject/scripts/compare_UQ/neuralnetwork/C/bootstrap/results/bootstrap/086/DUNN_C_bootstrap_086.
2024-01-02 16:26:01.354 | INFO     | kliff.models.neural_network:write_kim_model:121 - KLIFF trained model written to /data/yonatan/myproject/scripts/compare_UQ/neuralnetwork/C/bootstrap/results/bootstrap/087/DUNN_C_bootstrap_087.
2024-01-02 16:26:09.194 | INFO     | kliff.models.neural_network:write_kim_model:121 - KLIFF trained model written to /data/yonatan/myproject/scripts/compare_UQ/neuralnetwork/C/bootstrap/results/bootstrap/088/DUNN_C_bootstrap_088.
2024-01-02 16:26:17.062 | INFO     | kliff.models.neural_network:write_kim_model:121 - KLIFF trained model written to /data/yonatan/myproject/scripts/compare_UQ/neuralnetwork/C/bootstrap/results/bootstrap/089/DUNN_C_bootstrap_089.
2024-01-02 16:26:24.987 | INFO     | kliff.models.neural_network:write_kim_model:121 - KLIFF trained model written to /data/yonatan/myproject/scripts/compare_UQ/neuralnetwork/C/bootstrap/results/bootstrap/090/DUNN_C_bootstrap_090.
2024-01-02 16:26:32.805 | INFO     | kliff.models.neural_network:write_kim_model:121 - KLIFF trained model written to /data/yonatan/myproject/scripts/compare_UQ/neuralnetwork/C/bootstrap/results/bootstrap/091/DUNN_C_bootstrap_091.
2024-01-02 16:26:40.703 | INFO     | kliff.models.neural_network:write_kim_model:121 - KLIFF trained model written to /data/yonatan/myproject/scripts/compare_UQ/neuralnetwork/C/bootstrap/results/bootstrap/092/DUNN_C_bootstrap_092.
2024-01-02 16:26:48.661 | INFO     | kliff.models.neural_network:write_kim_model:121 - KLIFF trained model written to /data/yonatan/myproject/scripts/compare_UQ/neuralnetwork/C/bootstrap/results/bootstrap/093/DUNN_C_bootstrap_093.
2024-01-02 16:26:56.652 | INFO     | kliff.models.neural_network:write_kim_model:121 - KLIFF trained model written to /data/yonatan/myproject/scripts/compare_UQ/neuralnetwork/C/bootstrap/results/bootstrap/094/DUNN_C_bootstrap_094.
2024-01-02 16:27:04.643 | INFO     | kliff.models.neural_network:write_kim_model:121 - KLIFF trained model written to /data/yonatan/myproject/scripts/compare_UQ/neuralnetwork/C/bootstrap/results/bootstrap/095/DUNN_C_bootstrap_095.
2024-01-02 16:27:12.596 | INFO     | kliff.models.neural_network:write_kim_model:121 - KLIFF trained model written to /data/yonatan/myproject/scripts/compare_UQ/neuralnetwork/C/bootstrap/results/bootstrap/096/DUNN_C_bootstrap_096.
2024-01-02 16:27:20.434 | INFO     | kliff.models.neural_network:write_kim_model:121 - KLIFF trained model written to /data/yonatan/myproject/scripts/compare_UQ/neuralnetwork/C/bootstrap/results/bootstrap/097/DUNN_C_bootstrap_097.
2024-01-02 16:27:28.243 | INFO     | kliff.models.neural_network:write_kim_model:121 - KLIFF trained model written to /data/yonatan/myproject/scripts/compare_UQ/neuralnetwork/C/bootstrap/results/bootstrap/098/DUNN_C_bootstrap_098.
2024-01-02 16:27:36.126 | INFO     | kliff.models.neural_network:write_kim_model:121 - KLIFF trained model written to /data/yonatan/myproject/scripts/compare_UQ/neuralnetwork/C/bootstrap/results/bootstrap/099/DUNN_C_bootstrap_099.
