2024-01-04 14:41:47.342 | INFO     | kliff.models.model_torch:load:117 - Model loaded from `/data/yonatan/myproject/scripts/compare_UQ/neuralnetwork/C/training_dropout/model_best_train.pkl`
2024-01-04 14:41:51.183 | INFO     | kliff.dataset.dataset:_read:398 - 4344 configurations read from /data/yonatan/myproject/scripts/compare_UQ/neuralnetwork/C/carbon_training_set
2024-01-04 14:41:51.189 | INFO     | kliff.calculators.calculator_torch:_get_device:592 - Training on cpu
2024-01-04 14:41:51.217 | INFO     | kliff.calculators.calculator_torch:create:93 - Reuse fingerprints `/data/yonatan/myproject/scripts/compare_UQ/neuralnetwork/C/fingerprints/fingerprints_train.pkl`
2024-01-04 14:41:51.221 | INFO     | kliff.calculators.calculator_torch:create:111 - Reuse fingerprints mean and stdev `/data/yonatan/myproject/scripts/compare_UQ/neuralnetwork/C/fingerprints/fingerprints_train_mean_and_stdev.pkl`
2024-01-04 14:42:45.741 | INFO     | kliff.models.model_torch:load:117 - Model loaded from `/data/yonatan/myproject/scripts/compare_UQ/neuralnetwork/C/training_dropout/model_best_train.pkl`
2024-01-04 14:42:49.580 | INFO     | kliff.dataset.dataset:_read:398 - 4344 configurations read from /data/yonatan/myproject/scripts/compare_UQ/neuralnetwork/C/carbon_training_set
2024-01-04 14:42:49.588 | INFO     | kliff.calculators.calculator_torch:_get_device:592 - Training on cpu
2024-01-04 14:42:49.594 | INFO     | kliff.calculators.calculator_torch:create:93 - Reuse fingerprints `/data/yonatan/myproject/scripts/compare_UQ/neuralnetwork/C/fingerprints/fingerprints_train.pkl`
2024-01-04 14:42:49.597 | INFO     | kliff.calculators.calculator_torch:create:111 - Reuse fingerprints mean and stdev `/data/yonatan/myproject/scripts/compare_UQ/neuralnetwork/C/fingerprints/fingerprints_train_mean_and_stdev.pkl`
2024-01-04 16:13:37.449 | INFO     | kliff.models.model_torch:load:117 - Model loaded from `/data/yonatan/myproject/scripts/compare_UQ/neuralnetwork/C/training_dropout/model_best_train.pkl`
2024-01-04 16:13:41.252 | INFO     | kliff.dataset.dataset:_read:398 - 4309 configurations read from /data/yonatan/myproject/scripts/compare_UQ/neuralnetwork/C/carbon_training_set
2024-01-04 16:13:41.258 | INFO     | kliff.calculators.calculator_torch:_get_device:592 - Training on cpu
2024-01-04 16:13:41.265 | INFO     | kliff.calculators.calculator_torch:create:93 - Reuse fingerprints `/data/yonatan/myproject/scripts/compare_UQ/neuralnetwork/C/fingerprints/fingerprints_train.pkl`
2024-01-04 16:13:41.268 | INFO     | kliff.calculators.calculator_torch:create:111 - Reuse fingerprints mean and stdev `/data/yonatan/myproject/scripts/compare_UQ/neuralnetwork/C/fingerprints/fingerprints_train_mean_and_stdev.pkl`
2024-01-04 16:30:29.046 | INFO     | kliff.models.model_torch:load:117 - Model loaded from `/data/yonatan/myproject/scripts/compare_UQ/neuralnetwork/C/training_dropout/model_best_train.pkl`
2024-01-04 16:30:32.882 | INFO     | kliff.dataset.dataset:_read:398 - 4344 configurations read from /data/yonatan/myproject/scripts/compare_UQ/neuralnetwork/C/carbon_training_set
2024-01-04 16:30:32.887 | INFO     | kliff.calculators.calculator_torch:_get_device:592 - Training on cpu
2024-01-04 16:30:32.893 | INFO     | kliff.calculators.calculator_torch:create:93 - Reuse fingerprints `/data/yonatan/myproject/scripts/compare_UQ/neuralnetwork/C/fingerprints/fingerprints_train.pkl`
2024-01-04 16:30:32.896 | INFO     | kliff.calculators.calculator_torch:create:111 - Reuse fingerprints mean and stdev `/data/yonatan/myproject/scripts/compare_UQ/neuralnetwork/C/fingerprints/fingerprints_train_mean_and_stdev.pkl`
2024-01-04 16:35:15.541 | INFO     | kliff.models.model_torch:load:117 - Model loaded from `/data/yonatan/myproject/scripts/compare_UQ/neuralnetwork/C/training_dropout/model_best_train.pkl`
2024-01-04 16:35:19.212 | INFO     | kliff.dataset.dataset:_read:398 - 4309 configurations read from /data/yonatan/myproject/scripts/compare_UQ/neuralnetwork/C/carbon_training_set
2024-01-04 16:35:19.217 | INFO     | kliff.calculators.calculator_torch:_get_device:592 - Training on cpu
2024-01-04 16:35:19.221 | INFO     | kliff.calculators.calculator_torch:create:93 - Reuse fingerprints `/data/yonatan/myproject/scripts/compare_UQ/neuralnetwork/C/fingerprints/fingerprints_train.pkl`
2024-01-04 16:35:19.224 | INFO     | kliff.calculators.calculator_torch:create:111 - Reuse fingerprints mean and stdev `/data/yonatan/myproject/scripts/compare_UQ/neuralnetwork/C/fingerprints/fingerprints_train_mean_and_stdev.pkl`
2024-01-04 16:47:45.592 | INFO     | kliff.models.model_torch:load:117 - Model loaded from `/data/yonatan/myproject/scripts/compare_UQ/neuralnetwork/C/training_dropout/model_best_train.pkl`
2024-01-04 16:47:49.328 | INFO     | kliff.dataset.dataset:_read:398 - 4309 configurations read from /data/yonatan/myproject/scripts/compare_UQ/neuralnetwork/C/carbon_training_set
2024-01-04 16:47:49.334 | INFO     | kliff.calculators.calculator_torch:_get_device:592 - Training on cpu
2024-01-04 16:47:49.395 | INFO     | kliff.calculators.calculator_torch:create:93 - Reuse fingerprints `/data/yonatan/myproject/scripts/compare_UQ/neuralnetwork/C/fingerprints/fingerprints_train.pkl`
2024-01-04 16:47:49.398 | INFO     | kliff.calculators.calculator_torch:create:111 - Reuse fingerprints mean and stdev `/data/yonatan/myproject/scripts/compare_UQ/neuralnetwork/C/fingerprints/fingerprints_train_mean_and_stdev.pkl`
2024-01-04 16:48:07.254 | INFO     | kliff.models.neural_network:write_kim_model:121 - KLIFF trained model written to /data/yonatan/myproject/scripts/compare_UQ/neuralnetwork/C/fim/results/fim/000/DUNN_C_fimbayes_000.
2024-01-04 16:48:17.582 | INFO     | kliff.models.neural_network:write_kim_model:121 - KLIFF trained model written to /data/yonatan/myproject/scripts/compare_UQ/neuralnetwork/C/fim/results/fim/001/DUNN_C_fimbayes_001.
2024-01-04 16:48:27.303 | INFO     | kliff.models.neural_network:write_kim_model:121 - KLIFF trained model written to /data/yonatan/myproject/scripts/compare_UQ/neuralnetwork/C/fim/results/fim/002/DUNN_C_fimbayes_002.
2024-01-04 16:48:36.764 | INFO     | kliff.models.neural_network:write_kim_model:121 - KLIFF trained model written to /data/yonatan/myproject/scripts/compare_UQ/neuralnetwork/C/fim/results/fim/003/DUNN_C_fimbayes_003.
2024-01-04 16:48:46.344 | INFO     | kliff.models.neural_network:write_kim_model:121 - KLIFF trained model written to /data/yonatan/myproject/scripts/compare_UQ/neuralnetwork/C/fim/results/fim/004/DUNN_C_fimbayes_004.
2024-01-04 16:48:55.823 | INFO     | kliff.models.neural_network:write_kim_model:121 - KLIFF trained model written to /data/yonatan/myproject/scripts/compare_UQ/neuralnetwork/C/fim/results/fim/005/DUNN_C_fimbayes_005.
2024-01-04 16:49:05.279 | INFO     | kliff.models.neural_network:write_kim_model:121 - KLIFF trained model written to /data/yonatan/myproject/scripts/compare_UQ/neuralnetwork/C/fim/results/fim/006/DUNN_C_fimbayes_006.
2024-01-04 16:49:14.744 | INFO     | kliff.models.neural_network:write_kim_model:121 - KLIFF trained model written to /data/yonatan/myproject/scripts/compare_UQ/neuralnetwork/C/fim/results/fim/007/DUNN_C_fimbayes_007.
2024-01-04 16:49:24.418 | INFO     | kliff.models.neural_network:write_kim_model:121 - KLIFF trained model written to /data/yonatan/myproject/scripts/compare_UQ/neuralnetwork/C/fim/results/fim/008/DUNN_C_fimbayes_008.
2024-01-04 16:49:34.004 | INFO     | kliff.models.neural_network:write_kim_model:121 - KLIFF trained model written to /data/yonatan/myproject/scripts/compare_UQ/neuralnetwork/C/fim/results/fim/009/DUNN_C_fimbayes_009.
2024-01-04 16:49:43.575 | INFO     | kliff.models.neural_network:write_kim_model:121 - KLIFF trained model written to /data/yonatan/myproject/scripts/compare_UQ/neuralnetwork/C/fim/results/fim/010/DUNN_C_fimbayes_010.
2024-01-04 16:49:53.219 | INFO     | kliff.models.neural_network:write_kim_model:121 - KLIFF trained model written to /data/yonatan/myproject/scripts/compare_UQ/neuralnetwork/C/fim/results/fim/011/DUNN_C_fimbayes_011.
2024-01-04 16:50:02.786 | INFO     | kliff.models.neural_network:write_kim_model:121 - KLIFF trained model written to /data/yonatan/myproject/scripts/compare_UQ/neuralnetwork/C/fim/results/fim/012/DUNN_C_fimbayes_012.
2024-01-04 16:50:12.444 | INFO     | kliff.models.neural_network:write_kim_model:121 - KLIFF trained model written to /data/yonatan/myproject/scripts/compare_UQ/neuralnetwork/C/fim/results/fim/013/DUNN_C_fimbayes_013.
2024-01-04 16:50:21.957 | INFO     | kliff.models.neural_network:write_kim_model:121 - KLIFF trained model written to /data/yonatan/myproject/scripts/compare_UQ/neuralnetwork/C/fim/results/fim/014/DUNN_C_fimbayes_014.
2024-01-04 16:50:31.408 | INFO     | kliff.models.neural_network:write_kim_model:121 - KLIFF trained model written to /data/yonatan/myproject/scripts/compare_UQ/neuralnetwork/C/fim/results/fim/015/DUNN_C_fimbayes_015.
2024-01-04 16:50:41.141 | INFO     | kliff.models.neural_network:write_kim_model:121 - KLIFF trained model written to /data/yonatan/myproject/scripts/compare_UQ/neuralnetwork/C/fim/results/fim/016/DUNN_C_fimbayes_016.
2024-01-04 16:50:50.617 | INFO     | kliff.models.neural_network:write_kim_model:121 - KLIFF trained model written to /data/yonatan/myproject/scripts/compare_UQ/neuralnetwork/C/fim/results/fim/017/DUNN_C_fimbayes_017.
2024-01-04 16:51:00.140 | INFO     | kliff.models.neural_network:write_kim_model:121 - KLIFF trained model written to /data/yonatan/myproject/scripts/compare_UQ/neuralnetwork/C/fim/results/fim/018/DUNN_C_fimbayes_018.
2024-01-04 16:51:09.809 | INFO     | kliff.models.neural_network:write_kim_model:121 - KLIFF trained model written to /data/yonatan/myproject/scripts/compare_UQ/neuralnetwork/C/fim/results/fim/019/DUNN_C_fimbayes_019.
2024-01-04 16:51:19.428 | INFO     | kliff.models.neural_network:write_kim_model:121 - KLIFF trained model written to /data/yonatan/myproject/scripts/compare_UQ/neuralnetwork/C/fim/results/fim/020/DUNN_C_fimbayes_020.
2024-01-04 16:51:28.862 | INFO     | kliff.models.neural_network:write_kim_model:121 - KLIFF trained model written to /data/yonatan/myproject/scripts/compare_UQ/neuralnetwork/C/fim/results/fim/021/DUNN_C_fimbayes_021.
2024-01-04 16:51:38.495 | INFO     | kliff.models.neural_network:write_kim_model:121 - KLIFF trained model written to /data/yonatan/myproject/scripts/compare_UQ/neuralnetwork/C/fim/results/fim/022/DUNN_C_fimbayes_022.
2024-01-04 16:51:48.068 | INFO     | kliff.models.neural_network:write_kim_model:121 - KLIFF trained model written to /data/yonatan/myproject/scripts/compare_UQ/neuralnetwork/C/fim/results/fim/023/DUNN_C_fimbayes_023.
2024-01-04 16:51:57.564 | INFO     | kliff.models.neural_network:write_kim_model:121 - KLIFF trained model written to /data/yonatan/myproject/scripts/compare_UQ/neuralnetwork/C/fim/results/fim/024/DUNN_C_fimbayes_024.
2024-01-04 16:52:07.337 | INFO     | kliff.models.neural_network:write_kim_model:121 - KLIFF trained model written to /data/yonatan/myproject/scripts/compare_UQ/neuralnetwork/C/fim/results/fim/025/DUNN_C_fimbayes_025.
2024-01-04 16:52:16.823 | INFO     | kliff.models.neural_network:write_kim_model:121 - KLIFF trained model written to /data/yonatan/myproject/scripts/compare_UQ/neuralnetwork/C/fim/results/fim/026/DUNN_C_fimbayes_026.
2024-01-04 16:52:26.287 | INFO     | kliff.models.neural_network:write_kim_model:121 - KLIFF trained model written to /data/yonatan/myproject/scripts/compare_UQ/neuralnetwork/C/fim/results/fim/027/DUNN_C_fimbayes_027.
2024-01-04 16:52:35.856 | INFO     | kliff.models.neural_network:write_kim_model:121 - KLIFF trained model written to /data/yonatan/myproject/scripts/compare_UQ/neuralnetwork/C/fim/results/fim/028/DUNN_C_fimbayes_028.
2024-01-04 16:52:45.396 | INFO     | kliff.models.neural_network:write_kim_model:121 - KLIFF trained model written to /data/yonatan/myproject/scripts/compare_UQ/neuralnetwork/C/fim/results/fim/029/DUNN_C_fimbayes_029.
2024-01-04 16:52:54.923 | INFO     | kliff.models.neural_network:write_kim_model:121 - KLIFF trained model written to /data/yonatan/myproject/scripts/compare_UQ/neuralnetwork/C/fim/results/fim/030/DUNN_C_fimbayes_030.
2024-01-04 16:53:04.561 | INFO     | kliff.models.neural_network:write_kim_model:121 - KLIFF trained model written to /data/yonatan/myproject/scripts/compare_UQ/neuralnetwork/C/fim/results/fim/031/DUNN_C_fimbayes_031.
2024-01-04 16:53:14.152 | INFO     | kliff.models.neural_network:write_kim_model:121 - KLIFF trained model written to /data/yonatan/myproject/scripts/compare_UQ/neuralnetwork/C/fim/results/fim/032/DUNN_C_fimbayes_032.
2024-01-04 16:53:23.692 | INFO     | kliff.models.neural_network:write_kim_model:121 - KLIFF trained model written to /data/yonatan/myproject/scripts/compare_UQ/neuralnetwork/C/fim/results/fim/033/DUNN_C_fimbayes_033.
2024-01-04 16:53:33.326 | INFO     | kliff.models.neural_network:write_kim_model:121 - KLIFF trained model written to /data/yonatan/myproject/scripts/compare_UQ/neuralnetwork/C/fim/results/fim/034/DUNN_C_fimbayes_034.
2024-01-04 16:53:43.361 | INFO     | kliff.models.neural_network:write_kim_model:121 - KLIFF trained model written to /data/yonatan/myproject/scripts/compare_UQ/neuralnetwork/C/fim/results/fim/035/DUNN_C_fimbayes_035.
2024-01-04 16:53:53.024 | INFO     | kliff.models.neural_network:write_kim_model:121 - KLIFF trained model written to /data/yonatan/myproject/scripts/compare_UQ/neuralnetwork/C/fim/results/fim/036/DUNN_C_fimbayes_036.
2024-01-04 16:54:02.602 | INFO     | kliff.models.neural_network:write_kim_model:121 - KLIFF trained model written to /data/yonatan/myproject/scripts/compare_UQ/neuralnetwork/C/fim/results/fim/037/DUNN_C_fimbayes_037.
2024-01-04 16:54:12.150 | INFO     | kliff.models.neural_network:write_kim_model:121 - KLIFF trained model written to /data/yonatan/myproject/scripts/compare_UQ/neuralnetwork/C/fim/results/fim/038/DUNN_C_fimbayes_038.
2024-01-04 16:54:21.690 | INFO     | kliff.models.neural_network:write_kim_model:121 - KLIFF trained model written to /data/yonatan/myproject/scripts/compare_UQ/neuralnetwork/C/fim/results/fim/039/DUNN_C_fimbayes_039.
2024-01-04 16:54:31.324 | INFO     | kliff.models.neural_network:write_kim_model:121 - KLIFF trained model written to /data/yonatan/myproject/scripts/compare_UQ/neuralnetwork/C/fim/results/fim/040/DUNN_C_fimbayes_040.
2024-01-04 16:54:40.866 | INFO     | kliff.models.neural_network:write_kim_model:121 - KLIFF trained model written to /data/yonatan/myproject/scripts/compare_UQ/neuralnetwork/C/fim/results/fim/041/DUNN_C_fimbayes_041.
2024-01-04 16:54:50.359 | INFO     | kliff.models.neural_network:write_kim_model:121 - KLIFF trained model written to /data/yonatan/myproject/scripts/compare_UQ/neuralnetwork/C/fim/results/fim/042/DUNN_C_fimbayes_042.
2024-01-04 16:54:59.869 | INFO     | kliff.models.neural_network:write_kim_model:121 - KLIFF trained model written to /data/yonatan/myproject/scripts/compare_UQ/neuralnetwork/C/fim/results/fim/043/DUNN_C_fimbayes_043.
2024-01-04 16:55:09.399 | INFO     | kliff.models.neural_network:write_kim_model:121 - KLIFF trained model written to /data/yonatan/myproject/scripts/compare_UQ/neuralnetwork/C/fim/results/fim/044/DUNN_C_fimbayes_044.
2024-01-04 16:55:18.953 | INFO     | kliff.models.neural_network:write_kim_model:121 - KLIFF trained model written to /data/yonatan/myproject/scripts/compare_UQ/neuralnetwork/C/fim/results/fim/045/DUNN_C_fimbayes_045.
2024-01-04 16:55:28.540 | INFO     | kliff.models.neural_network:write_kim_model:121 - KLIFF trained model written to /data/yonatan/myproject/scripts/compare_UQ/neuralnetwork/C/fim/results/fim/046/DUNN_C_fimbayes_046.
2024-01-04 16:55:38.050 | INFO     | kliff.models.neural_network:write_kim_model:121 - KLIFF trained model written to /data/yonatan/myproject/scripts/compare_UQ/neuralnetwork/C/fim/results/fim/047/DUNN_C_fimbayes_047.
2024-01-04 16:55:47.772 | INFO     | kliff.models.neural_network:write_kim_model:121 - KLIFF trained model written to /data/yonatan/myproject/scripts/compare_UQ/neuralnetwork/C/fim/results/fim/048/DUNN_C_fimbayes_048.
2024-01-04 16:55:57.355 | INFO     | kliff.models.neural_network:write_kim_model:121 - KLIFF trained model written to /data/yonatan/myproject/scripts/compare_UQ/neuralnetwork/C/fim/results/fim/049/DUNN_C_fimbayes_049.
2024-01-04 16:56:06.974 | INFO     | kliff.models.neural_network:write_kim_model:121 - KLIFF trained model written to /data/yonatan/myproject/scripts/compare_UQ/neuralnetwork/C/fim/results/fim/050/DUNN_C_fimbayes_050.
2024-01-04 16:56:16.521 | INFO     | kliff.models.neural_network:write_kim_model:121 - KLIFF trained model written to /data/yonatan/myproject/scripts/compare_UQ/neuralnetwork/C/fim/results/fim/051/DUNN_C_fimbayes_051.
2024-01-04 16:56:26.107 | INFO     | kliff.models.neural_network:write_kim_model:121 - KLIFF trained model written to /data/yonatan/myproject/scripts/compare_UQ/neuralnetwork/C/fim/results/fim/052/DUNN_C_fimbayes_052.
2024-01-04 16:56:35.705 | INFO     | kliff.models.neural_network:write_kim_model:121 - KLIFF trained model written to /data/yonatan/myproject/scripts/compare_UQ/neuralnetwork/C/fim/results/fim/053/DUNN_C_fimbayes_053.
2024-01-04 16:56:45.332 | INFO     | kliff.models.neural_network:write_kim_model:121 - KLIFF trained model written to /data/yonatan/myproject/scripts/compare_UQ/neuralnetwork/C/fim/results/fim/054/DUNN_C_fimbayes_054.
2024-01-04 16:56:54.987 | INFO     | kliff.models.neural_network:write_kim_model:121 - KLIFF trained model written to /data/yonatan/myproject/scripts/compare_UQ/neuralnetwork/C/fim/results/fim/055/DUNN_C_fimbayes_055.
2024-01-04 16:57:04.623 | INFO     | kliff.models.neural_network:write_kim_model:121 - KLIFF trained model written to /data/yonatan/myproject/scripts/compare_UQ/neuralnetwork/C/fim/results/fim/056/DUNN_C_fimbayes_056.
2024-01-04 16:57:14.314 | INFO     | kliff.models.neural_network:write_kim_model:121 - KLIFF trained model written to /data/yonatan/myproject/scripts/compare_UQ/neuralnetwork/C/fim/results/fim/057/DUNN_C_fimbayes_057.
2024-01-04 16:57:23.914 | INFO     | kliff.models.neural_network:write_kim_model:121 - KLIFF trained model written to /data/yonatan/myproject/scripts/compare_UQ/neuralnetwork/C/fim/results/fim/058/DUNN_C_fimbayes_058.
2024-01-04 16:57:33.560 | INFO     | kliff.models.neural_network:write_kim_model:121 - KLIFF trained model written to /data/yonatan/myproject/scripts/compare_UQ/neuralnetwork/C/fim/results/fim/059/DUNN_C_fimbayes_059.
2024-01-04 16:57:43.184 | INFO     | kliff.models.neural_network:write_kim_model:121 - KLIFF trained model written to /data/yonatan/myproject/scripts/compare_UQ/neuralnetwork/C/fim/results/fim/060/DUNN_C_fimbayes_060.
2024-01-04 16:57:52.889 | INFO     | kliff.models.neural_network:write_kim_model:121 - KLIFF trained model written to /data/yonatan/myproject/scripts/compare_UQ/neuralnetwork/C/fim/results/fim/061/DUNN_C_fimbayes_061.
2024-01-04 16:58:02.636 | INFO     | kliff.models.neural_network:write_kim_model:121 - KLIFF trained model written to /data/yonatan/myproject/scripts/compare_UQ/neuralnetwork/C/fim/results/fim/062/DUNN_C_fimbayes_062.
2024-01-04 16:58:12.478 | INFO     | kliff.models.neural_network:write_kim_model:121 - KLIFF trained model written to /data/yonatan/myproject/scripts/compare_UQ/neuralnetwork/C/fim/results/fim/063/DUNN_C_fimbayes_063.
2024-01-04 16:58:22.182 | INFO     | kliff.models.neural_network:write_kim_model:121 - KLIFF trained model written to /data/yonatan/myproject/scripts/compare_UQ/neuralnetwork/C/fim/results/fim/064/DUNN_C_fimbayes_064.
2024-01-04 16:58:31.865 | INFO     | kliff.models.neural_network:write_kim_model:121 - KLIFF trained model written to /data/yonatan/myproject/scripts/compare_UQ/neuralnetwork/C/fim/results/fim/065/DUNN_C_fimbayes_065.
2024-01-04 16:58:41.675 | INFO     | kliff.models.neural_network:write_kim_model:121 - KLIFF trained model written to /data/yonatan/myproject/scripts/compare_UQ/neuralnetwork/C/fim/results/fim/066/DUNN_C_fimbayes_066.
2024-01-04 16:58:51.499 | INFO     | kliff.models.neural_network:write_kim_model:121 - KLIFF trained model written to /data/yonatan/myproject/scripts/compare_UQ/neuralnetwork/C/fim/results/fim/067/DUNN_C_fimbayes_067.
2024-01-04 16:59:01.253 | INFO     | kliff.models.neural_network:write_kim_model:121 - KLIFF trained model written to /data/yonatan/myproject/scripts/compare_UQ/neuralnetwork/C/fim/results/fim/068/DUNN_C_fimbayes_068.
2024-01-04 16:59:11.014 | INFO     | kliff.models.neural_network:write_kim_model:121 - KLIFF trained model written to /data/yonatan/myproject/scripts/compare_UQ/neuralnetwork/C/fim/results/fim/069/DUNN_C_fimbayes_069.
2024-01-04 16:59:20.676 | INFO     | kliff.models.neural_network:write_kim_model:121 - KLIFF trained model written to /data/yonatan/myproject/scripts/compare_UQ/neuralnetwork/C/fim/results/fim/070/DUNN_C_fimbayes_070.
2024-01-04 16:59:30.404 | INFO     | kliff.models.neural_network:write_kim_model:121 - KLIFF trained model written to /data/yonatan/myproject/scripts/compare_UQ/neuralnetwork/C/fim/results/fim/071/DUNN_C_fimbayes_071.
2024-01-04 16:59:40.099 | INFO     | kliff.models.neural_network:write_kim_model:121 - KLIFF trained model written to /data/yonatan/myproject/scripts/compare_UQ/neuralnetwork/C/fim/results/fim/072/DUNN_C_fimbayes_072.
2024-01-04 16:59:49.793 | INFO     | kliff.models.neural_network:write_kim_model:121 - KLIFF trained model written to /data/yonatan/myproject/scripts/compare_UQ/neuralnetwork/C/fim/results/fim/073/DUNN_C_fimbayes_073.
2024-01-04 16:59:59.285 | INFO     | kliff.models.neural_network:write_kim_model:121 - KLIFF trained model written to /data/yonatan/myproject/scripts/compare_UQ/neuralnetwork/C/fim/results/fim/074/DUNN_C_fimbayes_074.
2024-01-04 17:00:08.833 | INFO     | kliff.models.neural_network:write_kim_model:121 - KLIFF trained model written to /data/yonatan/myproject/scripts/compare_UQ/neuralnetwork/C/fim/results/fim/075/DUNN_C_fimbayes_075.
2024-01-04 17:00:18.332 | INFO     | kliff.models.neural_network:write_kim_model:121 - KLIFF trained model written to /data/yonatan/myproject/scripts/compare_UQ/neuralnetwork/C/fim/results/fim/076/DUNN_C_fimbayes_076.
2024-01-04 17:00:27.860 | INFO     | kliff.models.neural_network:write_kim_model:121 - KLIFF trained model written to /data/yonatan/myproject/scripts/compare_UQ/neuralnetwork/C/fim/results/fim/077/DUNN_C_fimbayes_077.
2024-01-04 17:00:37.394 | INFO     | kliff.models.neural_network:write_kim_model:121 - KLIFF trained model written to /data/yonatan/myproject/scripts/compare_UQ/neuralnetwork/C/fim/results/fim/078/DUNN_C_fimbayes_078.
2024-01-04 17:00:46.913 | INFO     | kliff.models.neural_network:write_kim_model:121 - KLIFF trained model written to /data/yonatan/myproject/scripts/compare_UQ/neuralnetwork/C/fim/results/fim/079/DUNN_C_fimbayes_079.
2024-01-04 17:00:56.331 | INFO     | kliff.models.neural_network:write_kim_model:121 - KLIFF trained model written to /data/yonatan/myproject/scripts/compare_UQ/neuralnetwork/C/fim/results/fim/080/DUNN_C_fimbayes_080.
2024-01-04 17:01:05.932 | INFO     | kliff.models.neural_network:write_kim_model:121 - KLIFF trained model written to /data/yonatan/myproject/scripts/compare_UQ/neuralnetwork/C/fim/results/fim/081/DUNN_C_fimbayes_081.
2024-01-04 17:01:15.460 | INFO     | kliff.models.neural_network:write_kim_model:121 - KLIFF trained model written to /data/yonatan/myproject/scripts/compare_UQ/neuralnetwork/C/fim/results/fim/082/DUNN_C_fimbayes_082.
2024-01-04 17:01:25.014 | INFO     | kliff.models.neural_network:write_kim_model:121 - KLIFF trained model written to /data/yonatan/myproject/scripts/compare_UQ/neuralnetwork/C/fim/results/fim/083/DUNN_C_fimbayes_083.
2024-01-04 17:01:34.591 | INFO     | kliff.models.neural_network:write_kim_model:121 - KLIFF trained model written to /data/yonatan/myproject/scripts/compare_UQ/neuralnetwork/C/fim/results/fim/084/DUNN_C_fimbayes_084.
2024-01-04 17:01:44.197 | INFO     | kliff.models.neural_network:write_kim_model:121 - KLIFF trained model written to /data/yonatan/myproject/scripts/compare_UQ/neuralnetwork/C/fim/results/fim/085/DUNN_C_fimbayes_085.
2024-01-04 17:01:53.673 | INFO     | kliff.models.neural_network:write_kim_model:121 - KLIFF trained model written to /data/yonatan/myproject/scripts/compare_UQ/neuralnetwork/C/fim/results/fim/086/DUNN_C_fimbayes_086.
2024-01-04 17:02:03.222 | INFO     | kliff.models.neural_network:write_kim_model:121 - KLIFF trained model written to /data/yonatan/myproject/scripts/compare_UQ/neuralnetwork/C/fim/results/fim/087/DUNN_C_fimbayes_087.
2024-01-04 17:02:12.980 | INFO     | kliff.models.neural_network:write_kim_model:121 - KLIFF trained model written to /data/yonatan/myproject/scripts/compare_UQ/neuralnetwork/C/fim/results/fim/088/DUNN_C_fimbayes_088.
2024-01-04 17:02:22.551 | INFO     | kliff.models.neural_network:write_kim_model:121 - KLIFF trained model written to /data/yonatan/myproject/scripts/compare_UQ/neuralnetwork/C/fim/results/fim/089/DUNN_C_fimbayes_089.
2024-01-04 17:02:32.067 | INFO     | kliff.models.neural_network:write_kim_model:121 - KLIFF trained model written to /data/yonatan/myproject/scripts/compare_UQ/neuralnetwork/C/fim/results/fim/090/DUNN_C_fimbayes_090.
2024-01-04 17:02:41.646 | INFO     | kliff.models.neural_network:write_kim_model:121 - KLIFF trained model written to /data/yonatan/myproject/scripts/compare_UQ/neuralnetwork/C/fim/results/fim/091/DUNN_C_fimbayes_091.
2024-01-04 17:02:51.235 | INFO     | kliff.models.neural_network:write_kim_model:121 - KLIFF trained model written to /data/yonatan/myproject/scripts/compare_UQ/neuralnetwork/C/fim/results/fim/092/DUNN_C_fimbayes_092.
2024-01-04 17:03:00.984 | INFO     | kliff.models.neural_network:write_kim_model:121 - KLIFF trained model written to /data/yonatan/myproject/scripts/compare_UQ/neuralnetwork/C/fim/results/fim/093/DUNN_C_fimbayes_093.
2024-01-04 17:03:10.650 | INFO     | kliff.models.neural_network:write_kim_model:121 - KLIFF trained model written to /data/yonatan/myproject/scripts/compare_UQ/neuralnetwork/C/fim/results/fim/094/DUNN_C_fimbayes_094.
2024-01-04 17:03:20.396 | INFO     | kliff.models.neural_network:write_kim_model:121 - KLIFF trained model written to /data/yonatan/myproject/scripts/compare_UQ/neuralnetwork/C/fim/results/fim/095/DUNN_C_fimbayes_095.
2024-01-04 17:03:30.017 | INFO     | kliff.models.neural_network:write_kim_model:121 - KLIFF trained model written to /data/yonatan/myproject/scripts/compare_UQ/neuralnetwork/C/fim/results/fim/096/DUNN_C_fimbayes_096.
2024-01-04 17:03:39.648 | INFO     | kliff.models.neural_network:write_kim_model:121 - KLIFF trained model written to /data/yonatan/myproject/scripts/compare_UQ/neuralnetwork/C/fim/results/fim/097/DUNN_C_fimbayes_097.
2024-01-04 17:03:49.402 | INFO     | kliff.models.neural_network:write_kim_model:121 - KLIFF trained model written to /data/yonatan/myproject/scripts/compare_UQ/neuralnetwork/C/fim/results/fim/098/DUNN_C_fimbayes_098.
2024-01-04 17:03:58.856 | INFO     | kliff.models.neural_network:write_kim_model:121 - KLIFF trained model written to /data/yonatan/myproject/scripts/compare_UQ/neuralnetwork/C/fim/results/fim/099/DUNN_C_fimbayes_099.
